#
# A fatal error has been detected by the Java Runtime Environment:
#
#  SIGILL (0x4) at pc=0x00007fff23099ca4, pid=51278, tid=58371
#
# JRE version: OpenJDK Runtime Environment AppleJDK-11.0.8.10.4 (build 11.0.8+10-LTS)
# Java VM: OpenJDK 64-Bit Server VM AppleJDK-11.0.8.10.4 (11.0.8+10-LTS, mixed mode, tiered, compressed oops, g1 gc, bsd-amd64)
# Problematic frame:
# C  [AppKit+0x3afca4]  -[NSOpenGLContext setView:]+0xbd
#
# No core dump will be written. Core dumps have been disabled. To enable core dumping, try "ulimit -c unlimited" before starting Java again
#
# If you would like to submit a bug report, please visit:
#   https://bugreport.java.com/bugreport/crash.jsp
# The crash happened outside the Java Virtual Machine in native code.
# See problematic frame for where to report the bug.
#

---------------  S U M M A R Y ------------

Command Line: -Dfile.encoding=UTF-8 /Users/adhamsaheb/Desktop/Fake SMTP/fakeSMTP-2.0 2.jar

Host: MacBookPro16,1 x86_64 2300 MHz, 16 cores, 16G, Darwin 20.5.0
Time: Mon Oct  4 15:23:05 2021 EEST elapsed time: 13 seconds (0d 0h 0m 13s)

---------------  T H R E A D  ---------------

Current thread (0x00007fac0710ca00):  JavaThread "Java2D Queue Flusher" daemon [_thread_in_native, id=58371, stack(0x0000700007aea000,0x0000700007bea000)]

Stack: [0x0000700007aea000,0x0000700007bea000],  sp=0x0000700007be97d0,  free space=1021k
Native frames: (J=compiled Java code, A=aot compiled Java code, j=interpreted, Vv=VM code, C=native code)
C  [AppKit+0x3afca4]  -[NSOpenGLContext setView:]+0xbd
C  [libawt_lwawt.dylib+0x1a19f]  CGLSD_MakeCurrentToScratch+0x45
C  [libawt_lwawt.dylib+0x1a2a8]  OGLSD_MakeOGLContextCurrent+0x58
C  [libawt_lwawt.dylib+0x3944e]  OGLContext_SetSurfaces+0x85
C  [libawt_lwawt.dylib+0x3d040]  Java_sun_java2d_opengl_OGLRenderQueue_flushBuffer+0x630
j  sun.java2d.opengl.OGLRenderQueue.flushBuffer(JI)V+0 java.desktop@11.0.8
j  sun.java2d.opengl.OGLRenderQueue.flushBuffer()V+21 java.desktop@11.0.8
j  sun.java2d.opengl.OGLRenderQueue$QueueFlusher.run()V+81 java.desktop@11.0.8
j  java.lang.Thread.run()V+11 java.base@11.0.8
v  ~StubRoutines::call_stub
V  [libjvm.dylib+0x3a41ea]  JavaCalls::call_helper(JavaValue*, methodHandle const&, JavaCallArguments*, Thread*)+0x21a
V  [libjvm.dylib+0x3a364f]  JavaCalls::call_virtual(JavaValue*, Klass*, Symbol*, Symbol*, JavaCallArguments*, Thread*)+0xe9
V  [libjvm.dylib+0x3a370a]  JavaCalls::call_virtual(JavaValue*, Handle, Klass*, Symbol*, Symbol*, Thread*)+0x62
V  [libjvm.dylib+0x42d6c3]  thread_entry(JavaThread*, Thread*)+0x78
V  [libjvm.dylib+0x752f30]  JavaThread::thread_main_inner()+0x82
V  [libjvm.dylib+0x752d80]  JavaThread::run()+0x178
V  [libjvm.dylib+0x750c5c]  Thread::call_run()+0x68
V  [libjvm.dylib+0x606330]  thread_native_entry(Thread*)+0x136
C  [libsystem_pthread.dylib+0x68fc]  _pthread_start+0xe0
C  [libsystem_pthread.dylib+0x2443]  thread_start+0xf

Java frames: (J=compiled Java code, j=interpreted, Vv=VM code)
j  sun.java2d.opengl.OGLRenderQueue.flushBuffer(JI)V+0 java.desktop@11.0.8
j  sun.java2d.opengl.OGLRenderQueue.flushBuffer()V+21 java.desktop@11.0.8
j  sun.java2d.opengl.OGLRenderQueue$QueueFlusher.run()V+81 java.desktop@11.0.8
j  java.lang.Thread.run()V+11 java.base@11.0.8
v  ~StubRoutines::call_stub

siginfo: si_signo: 4 (SIGILL), si_code: 1 (ILL_ILLOPC), si_addr: 0x00007fff23099ca4

Register to memory mapping:

RAX=0x0 is NULL
RBX=0x00007fac00cf4f20 points into unknown readable memory: 9f 44 13 80 ff ff 3d 01
RCX=0x0 is NULL
RDX=0x0 is NULL
RSP=0x0000700007be97d0 is pointing into the stack for thread: 0x00007fac0710ca00
RBP=0x0000700007be9820 is pointing into the stack for thread: 0x00007fac0710ca00
RSI=0x000000001f08000c is an unknown value
RDI=0x0 is NULL
R8 =0x0 is NULL
R9 =0x0 is NULL
R10=0x0 is NULL
R11=0x0 is NULL
R12=0x00007fac0493c038 points into unknown readable memory: 00 00 00 00 00 00 00 00
R13=0x00007fac00cf8c00 points into unknown readable memory: 78 e7 b9 3a 01 00 00 00
R14=0x00007fac00cf4ab0 points into unknown readable memory: 15 13 13 80 ff ff 3d 02
R15=0x00007fac0710cd40 points into unknown readable memory: b8 d7 16 11 01 00 00 00


Registers:
RAX=0x0000000000000000, RBX=0x00007fac00cf4f20, RCX=0x0000000000000000, RDX=0x0000000000000000
RSP=0x0000700007be97d0, RBP=0x0000700007be9820, RSI=0x000000001f08000c, RDI=0x0000000000000000
R8 =0x0000000000000000, R9 =0x0000000000000000, R10=0x0000000000000000, R11=0x0000000000000000
R12=0x00007fac0493c038, R13=0x00007fac00cf8c00, R14=0x00007fac00cf4ab0, R15=0x00007fac0710cd40
RIP=0x00007fff23099ca4, EFLAGS=0x0000000000010206, ERR=0x0000000000000000
  TRAPNO=0x0000000000000006

Top of Stack: (sp=0x0000700007be97d0)
0x0000700007be97d0:   00007fac00cf4ab0 00007fac00cf4f20
0x0000700007be97e0:   0000700007be9820 00007fff230994ca
0x0000700007be97f0:   00007fac023303e0 00007fac0710ca00
0x0000700007be9800:   00007fac02321120 00007fac00cebd80
0x0000700007be9810:   00007fac00cebd80 00007fac0710cd40
0x0000700007be9820:   0000700007be9850 000000013ab7919f
0x0000700007be9830:   00007fac00cf3f00 00007fac00cf52a0
0x0000700007be9840:   00007fac00cebd80 00007fac0710cd40
0x0000700007be9850:   0000700007be9890 000000013ab792a8
0x0000700007be9860:   0000000000000005 00007fac0710cd40
0x0000700007be9870:   00007fac00cf8c00 000000013aefc8a8
0x0000700007be9880:   00007fac011bc018 00007fac00cf8c00
0x0000700007be9890:   0000700007be98d0 000000013ab9844e
0x0000700007be98a0:   000000013ab9c011 00007fac011bc008
0x0000700007be98b0:   00007fac00cf8c00 000000013aefc8a8
0x0000700007be98c0:   00007fac011bc018 00007fac00cf8c00
0x0000700007be98d0:   0000700007be9930 000000013ab9c040
0x0000700007be98e0:   00007fac0710ca00 0000000000000013
0x0000700007be98f0:   0000000007be9910 00007fac011bc078
0x0000700007be9900:   00007fac0710cd40 000000013aefc8a8
0x0000700007be9910:   0000000000000000 000000013aefc8a8
0x0000700007be9920:   0000700007be99e8 00007fac0710ca00
0x0000700007be9930:   0000700007be99b0 000000011a7580b0
0x0000700007be9940:   00000001111bfb01 00007fac0710ca00
0x0000700007be9950:   0000700007be9970 0000000110f72744
0x0000700007be9960:   0000700007be9bc8 0000700007be9968
0x0000700007be9970:   0000000000000000 0000700007be99e8
0x0000700007be9980:   000000013aefdad8 0000000000000000
0x0000700007be9990:   000000070ec2da38 000000013aefc8a8
0x0000700007be99a0:   0000000000000000 0000700007be99d0
0x0000700007be99b0:   0000700007be9a38 000000011a752be7
0x0000700007be99c0:   0000000000000000 000000011a755298 

Instructions: (pc=0x00007fff23099ca4)
0x00007fff23099ba4:   3d 1f 48 ab 5d 48 8b 35 78 9c aa 5d 48 89 c2 41
0x00007fff23099bb4:   ff d6 49 89 c6 48 89 df e8 65 d0 7e 00 4c 89 f0
0x00007fff23099bc4:   48 83 c4 10 5b 41 5e 5d c3 90 90 90 90 90 90 90
0x00007fff23099bd4:   90 55 48 89 e5 48 8b 35 a0 d9 a8 5d 5d ff 25 b9
0x00007fff23099be4:   fa 28 64 55 48 89 e5 41 56 53 48 83 ec 40 48 89
0x00007fff23099bf4:   d3 49 89 fe 48 85 d2 74 19 e8 f0 fa 7e 00 85 c0
0x00007fff23099c04:   75 10 48 89 df e8 c4 75 33 00 84 c0 0f 84 82 00
0x00007fff23099c14:   00 00 48 8b 35 f3 c3 a7 5d 4c 89 f7 ff 15 7a fa
0x00007fff23099c24:   28 64 49 8d 7e 08 e8 e3 f8 7e 00 48 39 d8 74 3e
0x00007fff23099c34:   48 8b 0d 7d df 28 64 48 8d 7d b8 48 89 0f b9 00
0x00007fff23099c44:   00 00 c2 48 89 4f 08 48 8d 0d 98 77 33 00 48 89
0x00007fff23099c54:   4f 10 48 8d 0d fb 7f 29 64 48 89 4f 18 48 89 47
0x00007fff23099c64:   20 4c 89 77 28 48 89 5f 30 e8 fd 0f ce ff 31 db
0x00007fff23099c74:   48 8b 35 9d c3 a7 5d 4c 89 f7 ff 15 1c fa 28 64
0x00007fff23099c84:   84 db 75 09 48 83 c4 40 5b 41 5e 5d c3 e8 4c f8
0x00007fff23099c94:   7e 00 0f 0b 48 8d 3d 63 1f 90 00 e8 7a f2 7e 00
0x00007fff23099ca4:   0f 0b 49 89 c6 eb 13 48 89 c7 e8 ff f7 7e 00 b3
0x00007fff23099cb4:   01 eb bd 49 89 c6 84 db 74 05 e8 13 f8 7e 00 4c
0x00007fff23099cc4:   89 f7 e8 75 f1 7e 00 0f 0b e8 00 f9 7e 00 55 48
0x00007fff23099cd4:   89 e5 41 57 41 56 41 54 53 41 89 f6 48 89 fb 48
0x00007fff23099ce4:   83 c7 08 e8 26 f8 7e 00 49 89 c7 48 89 df e8 45
0x00007fff23099cf4:   00 00 00 49 89 c4 4c 89 ff 31 f6 e8 88 00 00 00
0x00007fff23099d04:   49 89 c7 45 0f be f6 4d 85 e4 74 0b 48 89 df 44
0x00007fff23099d14:   89 f6 e8 15 69 04 00 4d 85 ff 74 13 48 89 df 44
0x00007fff23099d24:   89 f6 5b 41 5c 41 5e 41 5f 5d e9 b1 20 04 00 5b
0x00007fff23099d34:   41 5c 41 5e 41 5f 5d c3 55 48 89 e5 41 56 53 48
0x00007fff23099d44:   89 fb 4c 8d 35 13 2d ad 5d 4c 89 f7 e8 af f9 7e
0x00007fff23099d54:   00 48 8b 3d 64 e6 ad 5d 48 8b 35 bd 98 a7 5d 48
0x00007fff23099d64:   89 da ff 15 34 f9 28 64 48 89 c7 ff 15 3b f9 28
0x00007fff23099d74:   64 48 89 c3 4c 89 f7 e8 8a f9 7e 00 48 89 df 5b
0x00007fff23099d84:   41 5e 5d e9 0e f7 7e 00 55 48 89 e5 41 57 41 56
0x00007fff23099d94:   53 50 41 89 f7 49 89 fe 48 8d 3d 7d 2c ad 5d e8 


Stack slot to memory mapping:
stack at sp + 0 slots: 0x00007fac00cf4ab0 points into unknown readable memory: 15 13 13 80 ff ff 3d 02
stack at sp + 1 slots: 0x00007fac00cf4f20 points into unknown readable memory: 9f 44 13 80 ff ff 3d 01
stack at sp + 2 slots: 0x0000700007be9820 is pointing into the stack for thread: 0x00007fac0710ca00
stack at sp + 3 slots: 0x00007fff230994ca: -[NSOpenGLContext makeCurrentContext]+0x11d in /System/Library/Frameworks/AppKit.framework/Versions/C/AppKit at 0x00007fff22cea000
stack at sp + 4 slots: 0x00007fac023303e0 points into unknown readable memory: 00 ca 10 07 ac 7f 00 00
stack at sp + 5 slots: 0x00007fac0710ca00 is a thread
stack at sp + 6 slots: 0x00007fac02321120 points into unknown readable memory: 00 00 00 00 00 00 00 00
stack at sp + 7 slots: 0x00007fac00cebd80 points into unknown readable memory: b0 4a cf 00 ac 7f 00 00


---------------  P R O C E S S  ---------------

Threads class SMR info:
_java_thread_list=0x00007fac00f4bcd0, length=17, elements={
0x00007fac0580f200, 0x00007fac01831c00, 0x00007fac01832800, 0x00007fac01841400,
0x00007fac0100de00, 0x00007fac0580f800, 0x00007fac0100e400, 0x00007fac0104a600,
0x00007fac01043800, 0x00007fac0106a000, 0x00007fac0109bc00, 0x00007fac01098600,
0x00007fac0710ca00, 0x00007fac01975000, 0x00007fac013e1e00, 0x00007fac05990c00,
0x00007fac01422000
}

Java Threads: ( => current thread )
  0x00007fac0580f200 JavaThread "Reference Handler" daemon [_thread_blocked, id=17923, stack(0x0000700006a2b000,0x0000700006b2b000)]
  0x00007fac01831c00 JavaThread "Finalizer" daemon [_thread_blocked, id=17155, stack(0x0000700006b2e000,0x0000700006c2e000)]
  0x00007fac01832800 JavaThread "Signal Dispatcher" daemon [_thread_blocked, id=22019, stack(0x0000700006d37000,0x0000700006e37000)]
  0x00007fac01841400 JavaThread "C2 CompilerThread0" daemon [_thread_blocked, id=43267, stack(0x0000700006e3a000,0x0000700006f3a000)]
  0x00007fac0100de00 JavaThread "C1 CompilerThread0" daemon [_thread_blocked, id=42499, stack(0x0000700006f3d000,0x000070000703d000)]
  0x00007fac0580f800 JavaThread "Sweeper thread" daemon [_thread_blocked, id=41987, stack(0x0000700007040000,0x0000700007140000)]
  0x00007fac0100e400 JavaThread "Service Thread" daemon [_thread_blocked, id=41475, stack(0x0000700007143000,0x0000700007243000)]
  0x00007fac0104a600 JavaThread "Common-Cleaner" daemon [_thread_blocked, id=41219, stack(0x0000700007349000,0x0000700007449000)]
  0x00007fac01043800 JavaThread "AppKit Thread" daemon [_thread_in_native, id=259, stack(0x00007ffee7346000,0x00007ffee7b46000)]
  0x00007fac0106a000 JavaThread "AWT-Shutdown" [_thread_blocked, id=71435, stack(0x00007000077e1000,0x00007000078e1000)]
  0x00007fac0109bc00 JavaThread "AWT-EventQueue-0" [_thread_blocked, id=57863, stack(0x00007000078e4000,0x00007000079e4000)]
  0x00007fac01098600 JavaThread "DestroyJavaVM" [_thread_blocked, id=7427, stack(0x0000700006316000,0x0000700006416000)]
=>0x00007fac0710ca00 JavaThread "Java2D Queue Flusher" daemon [_thread_in_native, id=58371, stack(0x0000700007aea000,0x0000700007bea000)]
  0x00007fac01975000 JavaThread "Java2D Disposer" daemon [_thread_blocked, id=66563, stack(0x0000700007bed000,0x0000700007ced000)]
  0x00007fac013e1e00 JavaThread "TimerQueue" daemon [_thread_blocked, id=89095, stack(0x0000700008508000,0x0000700008608000)]
  0x00007fac05990c00 JavaThread "org.subethamail.smtp.server.ServerThread *:2525" [_thread_in_native, id=123407, stack(0x000070000860b000,0x000070000870b000)]
  0x00007fac01422000 JavaThread "C1 CompilerThread1" daemon [_thread_blocked, id=94787, stack(0x0000700007658000,0x0000700007758000)]

Other Threads:
  0x00007fac00d13e00 VMThread "VM Thread" [stack: 0x0000700006928000,0x0000700006a28000] [id=13059]
  0x00007fac00c512b0 WatcherThread [stack: 0x0000700007246000,0x0000700007346000] [id=23555]
  0x00007fac00c10a20 GCTaskThread "GC Thread#0" [stack: 0x0000700006419000,0x0000700006519000] [id=11267]
  0x00007fac00e681e0 GCTaskThread "GC Thread#1" [stack: 0x0000700007cf0000,0x0000700007df0000] [id=65795]
  0x00007fac00ecd990 GCTaskThread "GC Thread#2" [stack: 0x0000700007df3000,0x0000700007ef3000] [id=61407]
  0x00007fac0c2ec960 GCTaskThread "GC Thread#3" [stack: 0x0000700007ef6000,0x0000700007ff6000] [id=61955]
  0x00007fac0c3a6b40 GCTaskThread "GC Thread#4" [stack: 0x0000700007ff9000,0x00007000080f9000] [id=65283]
  0x00007fac0c2ed0f0 GCTaskThread "GC Thread#5" [stack: 0x00007000080fc000,0x00007000081fc000] [id=62467]
  0x00007fac02406620 ConcurrentGCThread "G1 Main Marker" [stack: 0x000070000651c000,0x000070000661c000] [id=19971]
  0x00007fac02109290 ConcurrentGCThread "G1 Conc#0" [stack: 0x000070000661f000,0x000070000671f000] [id=18947]
  0x00007fac00f6e1b0 ConcurrentGCThread "G1 Conc#1" [stack: 0x00007000081ff000,0x00007000082ff000] [id=62979]
  0x00007fac00ecdcc0 ConcurrentGCThread "G1 Conc#2" [stack: 0x0000700008302000,0x0000700008402000] [id=63235]
  0x00007fac0216a0f0 ConcurrentGCThread "G1 Refine#0" [stack: 0x0000700006722000,0x0000700006822000] [id=11523]
  0x00007fac0216b3f0 ConcurrentGCThread "G1 Young RemSet Sampling" [stack: 0x0000700006825000,0x0000700006925000] [id=12035]

Threads with active compile tasks:

VM state:not at safepoint (normal execution)

VM Mutex/Monitor currently owned by a thread: None

Heap address: 0x0000000700000000, size: 4096 MB, Compressed Oops mode: Zero based, Oop shift amount: 3
Narrow klass base: 0x0000000800000000, Narrow klass shift: 0
Compressed class space size: 1073741824 Address: 0x0000000800000000

Heap:
 garbage-first heap   total 262144K, used 18329K [0x0000000700000000, 0x0000000800000000)
  region size 1024K, 12 young (12288K), 3 survivors (3072K)
 Metaspace       used 25183K, capacity 25679K, committed 25984K, reserved 1073152K
  class space    used 2944K, capacity 3166K, committed 3200K, reserved 1048576K
Heap Regions: E=young(eden), S=young(survivor), O=old, HS=humongous(starts), HC=humongous(continues), CS=collection set, F=free, A=archive, TAMS=top-at-mark-start (previous, next)
|   0|0x0000000700000000, 0x00000007000e6600, 0x0000000700100000| 89%| O|  |TAMS 0x00000007000e6600, 0x0000000700000000| Untracked 
|   1|0x0000000700100000, 0x0000000700200000, 0x0000000700200000|100%|HS|  |TAMS 0x0000000700100000, 0x0000000700100000| Complete 
|   2|0x0000000700200000, 0x0000000700300000, 0x0000000700300000|100%|HC|  |TAMS 0x0000000700200000, 0x0000000700200000| Complete 
|   3|0x0000000700300000, 0x0000000700400000, 0x0000000700400000|100%|HC|  |TAMS 0x0000000700300000, 0x0000000700300000| Complete 
|   4|0x0000000700400000, 0x0000000700500000, 0x0000000700500000|100%|HS|  |TAMS 0x0000000700400000, 0x0000000700400000| Complete 
|   5|0x0000000700500000, 0x0000000700600000, 0x0000000700600000|100%|HC|  |TAMS 0x0000000700500000, 0x0000000700500000| Complete 
|   6|0x0000000700600000, 0x0000000700700000, 0x0000000700700000|100%|HC|  |TAMS 0x0000000700600000, 0x0000000700600000| Complete 
|   7|0x0000000700700000, 0x0000000700700000, 0x0000000700800000|  0%| F|  |TAMS 0x0000000700700000, 0x0000000700700000| Untracked 
|   8|0x0000000700800000, 0x0000000700800000, 0x0000000700900000|  0%| F|  |TAMS 0x0000000700800000, 0x0000000700800000| Untracked 
|   9|0x0000000700900000, 0x0000000700900000, 0x0000000700a00000|  0%| F|  |TAMS 0x0000000700900000, 0x0000000700900000| Untracked 
|  10|0x0000000700a00000, 0x0000000700a00000, 0x0000000700b00000|  0%| F|  |TAMS 0x0000000700a00000, 0x0000000700a00000| Untracked 
|  11|0x0000000700b00000, 0x0000000700b00000, 0x0000000700c00000|  0%| F|  |TAMS 0x0000000700b00000, 0x0000000700b00000| Untracked 
|  12|0x0000000700c00000, 0x0000000700c00000, 0x0000000700d00000|  0%| F|  |TAMS 0x0000000700c00000, 0x0000000700c00000| Untracked 
|  13|0x0000000700d00000, 0x0000000700d00000, 0x0000000700e00000|  0%| F|  |TAMS 0x0000000700d00000, 0x0000000700d00000| Untracked 
|  14|0x0000000700e00000, 0x0000000700e00000, 0x0000000700f00000|  0%| F|  |TAMS 0x0000000700e00000, 0x0000000700e00000| Untracked 
|  15|0x0000000700f00000, 0x0000000700f00000, 0x0000000701000000|  0%| F|  |TAMS 0x0000000700f00000, 0x0000000700f00000| Untracked 
|  16|0x0000000701000000, 0x0000000701000000, 0x0000000701100000|  0%| F|  |TAMS 0x0000000701000000, 0x0000000701000000| Untracked 
|  17|0x0000000701100000, 0x0000000701100000, 0x0000000701200000|  0%| F|  |TAMS 0x0000000701100000, 0x0000000701100000| Untracked 
|  18|0x0000000701200000, 0x0000000701200000, 0x0000000701300000|  0%| F|  |TAMS 0x0000000701200000, 0x0000000701200000| Untracked 
|  19|0x0000000701300000, 0x0000000701300000, 0x0000000701400000|  0%| F|  |TAMS 0x0000000701300000, 0x0000000701300000| Untracked 
|  20|0x0000000701400000, 0x0000000701400000, 0x0000000701500000|  0%| F|  |TAMS 0x0000000701400000, 0x0000000701400000| Untracked 
|  21|0x0000000701500000, 0x0000000701500000, 0x0000000701600000|  0%| F|  |TAMS 0x0000000701500000, 0x0000000701500000| Untracked 
|  22|0x0000000701600000, 0x0000000701600000, 0x0000000701700000|  0%| F|  |TAMS 0x0000000701600000, 0x0000000701600000| Untracked 
|  23|0x0000000701700000, 0x0000000701700000, 0x0000000701800000|  0%| F|  |TAMS 0x0000000701700000, 0x0000000701700000| Untracked 
|  24|0x0000000701800000, 0x0000000701800000, 0x0000000701900000|  0%| F|  |TAMS 0x0000000701800000, 0x0000000701800000| Untracked 
|  25|0x0000000701900000, 0x0000000701900000, 0x0000000701a00000|  0%| F|  |TAMS 0x0000000701900000, 0x0000000701900000| Untracked 
|  26|0x0000000701a00000, 0x0000000701a00000, 0x0000000701b00000|  0%| F|  |TAMS 0x0000000701a00000, 0x0000000701a00000| Untracked 
|  27|0x0000000701b00000, 0x0000000701b00000, 0x0000000701c00000|  0%| F|  |TAMS 0x0000000701b00000, 0x0000000701b00000| Untracked 
|  28|0x0000000701c00000, 0x0000000701c00000, 0x0000000701d00000|  0%| F|  |TAMS 0x0000000701c00000, 0x0000000701c00000| Untracked 
|  29|0x0000000701d00000, 0x0000000701d00000, 0x0000000701e00000|  0%| F|  |TAMS 0x0000000701d00000, 0x0000000701d00000| Untracked 
|  30|0x0000000701e00000, 0x0000000701e00000, 0x0000000701f00000|  0%| F|  |TAMS 0x0000000701e00000, 0x0000000701e00000| Untracked 
|  31|0x0000000701f00000, 0x0000000701f00000, 0x0000000702000000|  0%| F|  |TAMS 0x0000000701f00000, 0x0000000701f00000| Untracked 
|  32|0x0000000702000000, 0x0000000702000000, 0x0000000702100000|  0%| F|  |TAMS 0x0000000702000000, 0x0000000702000000| Untracked 
|  33|0x0000000702100000, 0x0000000702100000, 0x0000000702200000|  0%| F|  |TAMS 0x0000000702100000, 0x0000000702100000| Untracked 
|  34|0x0000000702200000, 0x0000000702200000, 0x0000000702300000|  0%| F|  |TAMS 0x0000000702200000, 0x0000000702200000| Untracked 
|  35|0x0000000702300000, 0x0000000702300000, 0x0000000702400000|  0%| F|  |TAMS 0x0000000702300000, 0x0000000702300000| Untracked 
|  36|0x0000000702400000, 0x0000000702400000, 0x0000000702500000|  0%| F|  |TAMS 0x0000000702400000, 0x0000000702400000| Untracked 
|  37|0x0000000702500000, 0x0000000702500000, 0x0000000702600000|  0%| F|  |TAMS 0x0000000702500000, 0x0000000702500000| Untracked 
|  38|0x0000000702600000, 0x0000000702600000, 0x0000000702700000|  0%| F|  |TAMS 0x0000000702600000, 0x0000000702600000| Untracked 
|  39|0x0000000702700000, 0x0000000702700000, 0x0000000702800000|  0%| F|  |TAMS 0x0000000702700000, 0x0000000702700000| Untracked 
|  40|0x0000000702800000, 0x0000000702800000, 0x0000000702900000|  0%| F|  |TAMS 0x0000000702800000, 0x0000000702800000| Untracked 
|  41|0x0000000702900000, 0x0000000702900000, 0x0000000702a00000|  0%| F|  |TAMS 0x0000000702900000, 0x0000000702900000| Untracked 
|  42|0x0000000702a00000, 0x0000000702a00000, 0x0000000702b00000|  0%| F|  |TAMS 0x0000000702a00000, 0x0000000702a00000| Untracked 
|  43|0x0000000702b00000, 0x0000000702b00000, 0x0000000702c00000|  0%| F|  |TAMS 0x0000000702b00000, 0x0000000702b00000| Untracked 
|  44|0x0000000702c00000, 0x0000000702c00000, 0x0000000702d00000|  0%| F|  |TAMS 0x0000000702c00000, 0x0000000702c00000| Untracked 
|  45|0x0000000702d00000, 0x0000000702d00000, 0x0000000702e00000|  0%| F|  |TAMS 0x0000000702d00000, 0x0000000702d00000| Untracked 
|  46|0x0000000702e00000, 0x0000000702e00000, 0x0000000702f00000|  0%| F|  |TAMS 0x0000000702e00000, 0x0000000702e00000| Untracked 
|  47|0x0000000702f00000, 0x0000000702f00000, 0x0000000703000000|  0%| F|  |TAMS 0x0000000702f00000, 0x0000000702f00000| Untracked 
|  48|0x0000000703000000, 0x0000000703000000, 0x0000000703100000|  0%| F|  |TAMS 0x0000000703000000, 0x0000000703000000| Untracked 
|  49|0x0000000703100000, 0x0000000703100000, 0x0000000703200000|  0%| F|  |TAMS 0x0000000703100000, 0x0000000703100000| Untracked 
|  50|0x0000000703200000, 0x0000000703200000, 0x0000000703300000|  0%| F|  |TAMS 0x0000000703200000, 0x0000000703200000| Untracked 
|  51|0x0000000703300000, 0x0000000703300000, 0x0000000703400000|  0%| F|  |TAMS 0x0000000703300000, 0x0000000703300000| Untracked 
|  52|0x0000000703400000, 0x0000000703400000, 0x0000000703500000|  0%| F|  |TAMS 0x0000000703400000, 0x0000000703400000| Untracked 
|  53|0x0000000703500000, 0x0000000703500000, 0x0000000703600000|  0%| F|  |TAMS 0x0000000703500000, 0x0000000703500000| Untracked 
|  54|0x0000000703600000, 0x0000000703600000, 0x0000000703700000|  0%| F|  |TAMS 0x0000000703600000, 0x0000000703600000| Untracked 
|  55|0x0000000703700000, 0x0000000703700000, 0x0000000703800000|  0%| F|  |TAMS 0x0000000703700000, 0x0000000703700000| Untracked 
|  56|0x0000000703800000, 0x0000000703800000, 0x0000000703900000|  0%| F|  |TAMS 0x0000000703800000, 0x0000000703800000| Untracked 
|  57|0x0000000703900000, 0x0000000703900000, 0x0000000703a00000|  0%| F|  |TAMS 0x0000000703900000, 0x0000000703900000| Untracked 
|  58|0x0000000703a00000, 0x0000000703a00000, 0x0000000703b00000|  0%| F|  |TAMS 0x0000000703a00000, 0x0000000703a00000| Untracked 
|  59|0x0000000703b00000, 0x0000000703b00000, 0x0000000703c00000|  0%| F|  |TAMS 0x0000000703b00000, 0x0000000703b00000| Untracked 
|  60|0x0000000703c00000, 0x0000000703c00000, 0x0000000703d00000|  0%| F|  |TAMS 0x0000000703c00000, 0x0000000703c00000| Untracked 
|  61|0x0000000703d00000, 0x0000000703d00000, 0x0000000703e00000|  0%| F|  |TAMS 0x0000000703d00000, 0x0000000703d00000| Untracked 
|  62|0x0000000703e00000, 0x0000000703e00000, 0x0000000703f00000|  0%| F|  |TAMS 0x0000000703e00000, 0x0000000703e00000| Untracked 
|  63|0x0000000703f00000, 0x0000000703f00000, 0x0000000704000000|  0%| F|  |TAMS 0x0000000703f00000, 0x0000000703f00000| Untracked 
|  64|0x0000000704000000, 0x0000000704000000, 0x0000000704100000|  0%| F|  |TAMS 0x0000000704000000, 0x0000000704000000| Untracked 
|  65|0x0000000704100000, 0x0000000704100000, 0x0000000704200000|  0%| F|  |TAMS 0x0000000704100000, 0x0000000704100000| Untracked 
|  66|0x0000000704200000, 0x0000000704200000, 0x0000000704300000|  0%| F|  |TAMS 0x0000000704200000, 0x0000000704200000| Untracked 
|  67|0x0000000704300000, 0x0000000704300000, 0x0000000704400000|  0%| F|  |TAMS 0x0000000704300000, 0x0000000704300000| Untracked 
|  68|0x0000000704400000, 0x0000000704400000, 0x0000000704500000|  0%| F|  |TAMS 0x0000000704400000, 0x0000000704400000| Untracked 
|  69|0x0000000704500000, 0x0000000704500000, 0x0000000704600000|  0%| F|  |TAMS 0x0000000704500000, 0x0000000704500000| Untracked 
|  70|0x0000000704600000, 0x0000000704600000, 0x0000000704700000|  0%| F|  |TAMS 0x0000000704600000, 0x0000000704600000| Untracked 
|  71|0x0000000704700000, 0x0000000704700000, 0x0000000704800000|  0%| F|  |TAMS 0x0000000704700000, 0x0000000704700000| Untracked 
|  72|0x0000000704800000, 0x0000000704800000, 0x0000000704900000|  0%| F|  |TAMS 0x0000000704800000, 0x0000000704800000| Untracked 
|  73|0x0000000704900000, 0x0000000704900000, 0x0000000704a00000|  0%| F|  |TAMS 0x0000000704900000, 0x0000000704900000| Untracked 
|  74|0x0000000704a00000, 0x0000000704a00000, 0x0000000704b00000|  0%| F|  |TAMS 0x0000000704a00000, 0x0000000704a00000| Untracked 
|  75|0x0000000704b00000, 0x0000000704b00000, 0x0000000704c00000|  0%| F|  |TAMS 0x0000000704b00000, 0x0000000704b00000| Untracked 
|  76|0x0000000704c00000, 0x0000000704c00000, 0x0000000704d00000|  0%| F|  |TAMS 0x0000000704c00000, 0x0000000704c00000| Untracked 
|  77|0x0000000704d00000, 0x0000000704d00000, 0x0000000704e00000|  0%| F|  |TAMS 0x0000000704d00000, 0x0000000704d00000| Untracked 
|  78|0x0000000704e00000, 0x0000000704e00000, 0x0000000704f00000|  0%| F|  |TAMS 0x0000000704e00000, 0x0000000704e00000| Untracked 
|  79|0x0000000704f00000, 0x0000000704f00000, 0x0000000705000000|  0%| F|  |TAMS 0x0000000704f00000, 0x0000000704f00000| Untracked 
|  80|0x0000000705000000, 0x0000000705000000, 0x0000000705100000|  0%| F|  |TAMS 0x0000000705000000, 0x0000000705000000| Untracked 
|  81|0x0000000705100000, 0x0000000705100000, 0x0000000705200000|  0%| F|  |TAMS 0x0000000705100000, 0x0000000705100000| Untracked 
|  82|0x0000000705200000, 0x0000000705200000, 0x0000000705300000|  0%| F|  |TAMS 0x0000000705200000, 0x0000000705200000| Untracked 
|  83|0x0000000705300000, 0x0000000705300000, 0x0000000705400000|  0%| F|  |TAMS 0x0000000705300000, 0x0000000705300000| Untracked 
|  84|0x0000000705400000, 0x0000000705400000, 0x0000000705500000|  0%| F|  |TAMS 0x0000000705400000, 0x0000000705400000| Untracked 
|  85|0x0000000705500000, 0x0000000705500000, 0x0000000705600000|  0%| F|  |TAMS 0x0000000705500000, 0x0000000705500000| Untracked 
|  86|0x0000000705600000, 0x0000000705600000, 0x0000000705700000|  0%| F|  |TAMS 0x0000000705600000, 0x0000000705600000| Untracked 
|  87|0x0000000705700000, 0x0000000705700000, 0x0000000705800000|  0%| F|  |TAMS 0x0000000705700000, 0x0000000705700000| Untracked 
|  88|0x0000000705800000, 0x0000000705800000, 0x0000000705900000|  0%| F|  |TAMS 0x0000000705800000, 0x0000000705800000| Untracked 
|  89|0x0000000705900000, 0x0000000705900000, 0x0000000705a00000|  0%| F|  |TAMS 0x0000000705900000, 0x0000000705900000| Untracked 
|  90|0x0000000705a00000, 0x0000000705a00000, 0x0000000705b00000|  0%| F|  |TAMS 0x0000000705a00000, 0x0000000705a00000| Untracked 
|  91|0x0000000705b00000, 0x0000000705b00000, 0x0000000705c00000|  0%| F|  |TAMS 0x0000000705b00000, 0x0000000705b00000| Untracked 
|  92|0x0000000705c00000, 0x0000000705c00000, 0x0000000705d00000|  0%| F|  |TAMS 0x0000000705c00000, 0x0000000705c00000| Untracked 
|  93|0x0000000705d00000, 0x0000000705d00000, 0x0000000705e00000|  0%| F|  |TAMS 0x0000000705d00000, 0x0000000705d00000| Untracked 
|  94|0x0000000705e00000, 0x0000000705e00000, 0x0000000705f00000|  0%| F|  |TAMS 0x0000000705e00000, 0x0000000705e00000| Untracked 
|  95|0x0000000705f00000, 0x0000000705f00000, 0x0000000706000000|  0%| F|  |TAMS 0x0000000705f00000, 0x0000000705f00000| Untracked 
|  96|0x0000000706000000, 0x0000000706000000, 0x0000000706100000|  0%| F|  |TAMS 0x0000000706000000, 0x0000000706000000| Untracked 
|  97|0x0000000706100000, 0x0000000706100000, 0x0000000706200000|  0%| F|  |TAMS 0x0000000706100000, 0x0000000706100000| Untracked 
|  98|0x0000000706200000, 0x0000000706200000, 0x0000000706300000|  0%| F|  |TAMS 0x0000000706200000, 0x0000000706200000| Untracked 
|  99|0x0000000706300000, 0x0000000706300000, 0x0000000706400000|  0%| F|  |TAMS 0x0000000706300000, 0x0000000706300000| Untracked 
| 100|0x0000000706400000, 0x0000000706400000, 0x0000000706500000|  0%| F|  |TAMS 0x0000000706400000, 0x0000000706400000| Untracked 
| 101|0x0000000706500000, 0x0000000706500000, 0x0000000706600000|  0%| F|  |TAMS 0x0000000706500000, 0x0000000706500000| Untracked 
| 102|0x0000000706600000, 0x0000000706600000, 0x0000000706700000|  0%| F|  |TAMS 0x0000000706600000, 0x0000000706600000| Untracked 
| 103|0x0000000706700000, 0x0000000706700000, 0x0000000706800000|  0%| F|  |TAMS 0x0000000706700000, 0x0000000706700000| Untracked 
| 104|0x0000000706800000, 0x0000000706800000, 0x0000000706900000|  0%| F|  |TAMS 0x0000000706800000, 0x0000000706800000| Untracked 
| 105|0x0000000706900000, 0x0000000706900000, 0x0000000706a00000|  0%| F|  |TAMS 0x0000000706900000, 0x0000000706900000| Untracked 
| 106|0x0000000706a00000, 0x0000000706a00000, 0x0000000706b00000|  0%| F|  |TAMS 0x0000000706a00000, 0x0000000706a00000| Untracked 
| 107|0x0000000706b00000, 0x0000000706b00000, 0x0000000706c00000|  0%| F|  |TAMS 0x0000000706b00000, 0x0000000706b00000| Untracked 
| 108|0x0000000706c00000, 0x0000000706c00000, 0x0000000706d00000|  0%| F|  |TAMS 0x0000000706c00000, 0x0000000706c00000| Untracked 
| 109|0x0000000706d00000, 0x0000000706d00000, 0x0000000706e00000|  0%| F|  |TAMS 0x0000000706d00000, 0x0000000706d00000| Untracked 
| 110|0x0000000706e00000, 0x0000000706e00000, 0x0000000706f00000|  0%| F|  |TAMS 0x0000000706e00000, 0x0000000706e00000| Untracked 
| 111|0x0000000706f00000, 0x0000000706f00000, 0x0000000707000000|  0%| F|  |TAMS 0x0000000706f00000, 0x0000000706f00000| Untracked 
| 112|0x0000000707000000, 0x0000000707000000, 0x0000000707100000|  0%| F|  |TAMS 0x0000000707000000, 0x0000000707000000| Untracked 
| 113|0x0000000707100000, 0x0000000707100000, 0x0000000707200000|  0%| F|  |TAMS 0x0000000707100000, 0x0000000707100000| Untracked 
| 114|0x0000000707200000, 0x0000000707200000, 0x0000000707300000|  0%| F|  |TAMS 0x0000000707200000, 0x0000000707200000| Untracked 
| 115|0x0000000707300000, 0x0000000707300000, 0x0000000707400000|  0%| F|  |TAMS 0x0000000707300000, 0x0000000707300000| Untracked 
| 116|0x0000000707400000, 0x0000000707400000, 0x0000000707500000|  0%| F|  |TAMS 0x0000000707400000, 0x0000000707400000| Untracked 
| 117|0x0000000707500000, 0x0000000707500000, 0x0000000707600000|  0%| F|  |TAMS 0x0000000707500000, 0x0000000707500000| Untracked 
| 118|0x0000000707600000, 0x0000000707600000, 0x0000000707700000|  0%| F|  |TAMS 0x0000000707600000, 0x0000000707600000| Untracked 
| 119|0x0000000707700000, 0x0000000707700000, 0x0000000707800000|  0%| F|  |TAMS 0x0000000707700000, 0x0000000707700000| Untracked 
| 120|0x0000000707800000, 0x0000000707800000, 0x0000000707900000|  0%| F|  |TAMS 0x0000000707800000, 0x0000000707800000| Untracked 
| 121|0x0000000707900000, 0x0000000707900000, 0x0000000707a00000|  0%| F|  |TAMS 0x0000000707900000, 0x0000000707900000| Untracked 
| 122|0x0000000707a00000, 0x0000000707a00000, 0x0000000707b00000|  0%| F|  |TAMS 0x0000000707a00000, 0x0000000707a00000| Untracked 
| 123|0x0000000707b00000, 0x0000000707b00000, 0x0000000707c00000|  0%| F|  |TAMS 0x0000000707b00000, 0x0000000707b00000| Untracked 
| 124|0x0000000707c00000, 0x0000000707c00000, 0x0000000707d00000|  0%| F|  |TAMS 0x0000000707c00000, 0x0000000707c00000| Untracked 
| 125|0x0000000707d00000, 0x0000000707d00000, 0x0000000707e00000|  0%| F|  |TAMS 0x0000000707d00000, 0x0000000707d00000| Untracked 
| 126|0x0000000707e00000, 0x0000000707e00000, 0x0000000707f00000|  0%| F|  |TAMS 0x0000000707e00000, 0x0000000707e00000| Untracked 
| 127|0x0000000707f00000, 0x0000000707f00000, 0x0000000708000000|  0%| F|  |TAMS 0x0000000707f00000, 0x0000000707f00000| Untracked 
| 128|0x0000000708000000, 0x0000000708000000, 0x0000000708100000|  0%| F|  |TAMS 0x0000000708000000, 0x0000000708000000| Untracked 
| 129|0x0000000708100000, 0x0000000708100000, 0x0000000708200000|  0%| F|  |TAMS 0x0000000708100000, 0x0000000708100000| Untracked 
| 130|0x0000000708200000, 0x0000000708200000, 0x0000000708300000|  0%| F|  |TAMS 0x0000000708200000, 0x0000000708200000| Untracked 
| 131|0x0000000708300000, 0x0000000708300000, 0x0000000708400000|  0%| F|  |TAMS 0x0000000708300000, 0x0000000708300000| Untracked 
| 132|0x0000000708400000, 0x0000000708400000, 0x0000000708500000|  0%| F|  |TAMS 0x0000000708400000, 0x0000000708400000| Untracked 
| 133|0x0000000708500000, 0x0000000708500000, 0x0000000708600000|  0%| F|  |TAMS 0x0000000708500000, 0x0000000708500000| Untracked 
| 134|0x0000000708600000, 0x0000000708600000, 0x0000000708700000|  0%| F|  |TAMS 0x0000000708600000, 0x0000000708600000| Untracked 
| 135|0x0000000708700000, 0x0000000708700000, 0x0000000708800000|  0%| F|  |TAMS 0x0000000708700000, 0x0000000708700000| Untracked 
| 136|0x0000000708800000, 0x0000000708800000, 0x0000000708900000|  0%| F|  |TAMS 0x0000000708800000, 0x0000000708800000| Untracked 
| 137|0x0000000708900000, 0x0000000708900000, 0x0000000708a00000|  0%| F|  |TAMS 0x0000000708900000, 0x0000000708900000| Untracked 
| 138|0x0000000708a00000, 0x0000000708a00000, 0x0000000708b00000|  0%| F|  |TAMS 0x0000000708a00000, 0x0000000708a00000| Untracked 
| 139|0x0000000708b00000, 0x0000000708b00000, 0x0000000708c00000|  0%| F|  |TAMS 0x0000000708b00000, 0x0000000708b00000| Untracked 
| 140|0x0000000708c00000, 0x0000000708c00000, 0x0000000708d00000|  0%| F|  |TAMS 0x0000000708c00000, 0x0000000708c00000| Untracked 
| 141|0x0000000708d00000, 0x0000000708d00000, 0x0000000708e00000|  0%| F|  |TAMS 0x0000000708d00000, 0x0000000708d00000| Untracked 
| 142|0x0000000708e00000, 0x0000000708e00000, 0x0000000708f00000|  0%| F|  |TAMS 0x0000000708e00000, 0x0000000708e00000| Untracked 
| 143|0x0000000708f00000, 0x0000000708f00000, 0x0000000709000000|  0%| F|  |TAMS 0x0000000708f00000, 0x0000000708f00000| Untracked 
| 144|0x0000000709000000, 0x0000000709000000, 0x0000000709100000|  0%| F|  |TAMS 0x0000000709000000, 0x0000000709000000| Untracked 
| 145|0x0000000709100000, 0x0000000709100000, 0x0000000709200000|  0%| F|  |TAMS 0x0000000709100000, 0x0000000709100000| Untracked 
| 146|0x0000000709200000, 0x0000000709200000, 0x0000000709300000|  0%| F|  |TAMS 0x0000000709200000, 0x0000000709200000| Untracked 
| 147|0x0000000709300000, 0x0000000709300000, 0x0000000709400000|  0%| F|  |TAMS 0x0000000709300000, 0x0000000709300000| Untracked 
| 148|0x0000000709400000, 0x0000000709400000, 0x0000000709500000|  0%| F|  |TAMS 0x0000000709400000, 0x0000000709400000| Untracked 
| 149|0x0000000709500000, 0x0000000709500000, 0x0000000709600000|  0%| F|  |TAMS 0x0000000709500000, 0x0000000709500000| Untracked 
| 150|0x0000000709600000, 0x0000000709600000, 0x0000000709700000|  0%| F|  |TAMS 0x0000000709600000, 0x0000000709600000| Untracked 
| 151|0x0000000709700000, 0x0000000709700000, 0x0000000709800000|  0%| F|  |TAMS 0x0000000709700000, 0x0000000709700000| Untracked 
| 152|0x0000000709800000, 0x0000000709800000, 0x0000000709900000|  0%| F|  |TAMS 0x0000000709800000, 0x0000000709800000| Untracked 
| 153|0x0000000709900000, 0x0000000709900000, 0x0000000709a00000|  0%| F|  |TAMS 0x0000000709900000, 0x0000000709900000| Untracked 
| 154|0x0000000709a00000, 0x0000000709a00000, 0x0000000709b00000|  0%| F|  |TAMS 0x0000000709a00000, 0x0000000709a00000| Untracked 
| 155|0x0000000709b00000, 0x0000000709b00000, 0x0000000709c00000|  0%| F|  |TAMS 0x0000000709b00000, 0x0000000709b00000| Untracked 
| 156|0x0000000709c00000, 0x0000000709c00000, 0x0000000709d00000|  0%| F|  |TAMS 0x0000000709c00000, 0x0000000709c00000| Untracked 
| 157|0x0000000709d00000, 0x0000000709d00000, 0x0000000709e00000|  0%| F|  |TAMS 0x0000000709d00000, 0x0000000709d00000| Untracked 
| 158|0x0000000709e00000, 0x0000000709e00000, 0x0000000709f00000|  0%| F|  |TAMS 0x0000000709e00000, 0x0000000709e00000| Untracked 
| 159|0x0000000709f00000, 0x0000000709f00000, 0x000000070a000000|  0%| F|  |TAMS 0x0000000709f00000, 0x0000000709f00000| Untracked 
| 160|0x000000070a000000, 0x000000070a000000, 0x000000070a100000|  0%| F|  |TAMS 0x000000070a000000, 0x000000070a000000| Untracked 
| 161|0x000000070a100000, 0x000000070a100000, 0x000000070a200000|  0%| F|  |TAMS 0x000000070a100000, 0x000000070a100000| Untracked 
| 162|0x000000070a200000, 0x000000070a200000, 0x000000070a300000|  0%| F|  |TAMS 0x000000070a200000, 0x000000070a200000| Untracked 
| 163|0x000000070a300000, 0x000000070a300000, 0x000000070a400000|  0%| F|  |TAMS 0x000000070a300000, 0x000000070a300000| Untracked 
| 164|0x000000070a400000, 0x000000070a400000, 0x000000070a500000|  0%| F|  |TAMS 0x000000070a400000, 0x000000070a400000| Untracked 
| 165|0x000000070a500000, 0x000000070a500000, 0x000000070a600000|  0%| F|  |TAMS 0x000000070a500000, 0x000000070a500000| Untracked 
| 166|0x000000070a600000, 0x000000070a600000, 0x000000070a700000|  0%| F|  |TAMS 0x000000070a600000, 0x000000070a600000| Untracked 
| 167|0x000000070a700000, 0x000000070a700000, 0x000000070a800000|  0%| F|  |TAMS 0x000000070a700000, 0x000000070a700000| Untracked 
| 168|0x000000070a800000, 0x000000070a800000, 0x000000070a900000|  0%| F|  |TAMS 0x000000070a800000, 0x000000070a800000| Untracked 
| 169|0x000000070a900000, 0x000000070a900000, 0x000000070aa00000|  0%| F|  |TAMS 0x000000070a900000, 0x000000070a900000| Untracked 
| 170|0x000000070aa00000, 0x000000070aa00000, 0x000000070ab00000|  0%| F|  |TAMS 0x000000070aa00000, 0x000000070aa00000| Untracked 
| 171|0x000000070ab00000, 0x000000070ab00000, 0x000000070ac00000|  0%| F|  |TAMS 0x000000070ab00000, 0x000000070ab00000| Untracked 
| 172|0x000000070ac00000, 0x000000070ac00000, 0x000000070ad00000|  0%| F|  |TAMS 0x000000070ac00000, 0x000000070ac00000| Untracked 
| 173|0x000000070ad00000, 0x000000070ad00000, 0x000000070ae00000|  0%| F|  |TAMS 0x000000070ad00000, 0x000000070ad00000| Untracked 
| 174|0x000000070ae00000, 0x000000070ae00000, 0x000000070af00000|  0%| F|  |TAMS 0x000000070ae00000, 0x000000070ae00000| Untracked 
| 175|0x000000070af00000, 0x000000070af00000, 0x000000070b000000|  0%| F|  |TAMS 0x000000070af00000, 0x000000070af00000| Untracked 
| 176|0x000000070b000000, 0x000000070b000000, 0x000000070b100000|  0%| F|  |TAMS 0x000000070b000000, 0x000000070b000000| Untracked 
| 177|0x000000070b100000, 0x000000070b100000, 0x000000070b200000|  0%| F|  |TAMS 0x000000070b100000, 0x000000070b100000| Untracked 
| 178|0x000000070b200000, 0x000000070b200000, 0x000000070b300000|  0%| F|  |TAMS 0x000000070b200000, 0x000000070b200000| Untracked 
| 179|0x000000070b300000, 0x000000070b300000, 0x000000070b400000|  0%| F|  |TAMS 0x000000070b300000, 0x000000070b300000| Untracked 
| 180|0x000000070b400000, 0x000000070b400000, 0x000000070b500000|  0%| F|  |TAMS 0x000000070b400000, 0x000000070b400000| Untracked 
| 181|0x000000070b500000, 0x000000070b500000, 0x000000070b600000|  0%| F|  |TAMS 0x000000070b500000, 0x000000070b500000| Untracked 
| 182|0x000000070b600000, 0x000000070b600000, 0x000000070b700000|  0%| F|  |TAMS 0x000000070b600000, 0x000000070b600000| Untracked 
| 183|0x000000070b700000, 0x000000070b700000, 0x000000070b800000|  0%| F|  |TAMS 0x000000070b700000, 0x000000070b700000| Untracked 
| 184|0x000000070b800000, 0x000000070b800000, 0x000000070b900000|  0%| F|  |TAMS 0x000000070b800000, 0x000000070b800000| Untracked 
| 185|0x000000070b900000, 0x000000070b900000, 0x000000070ba00000|  0%| F|  |TAMS 0x000000070b900000, 0x000000070b900000| Untracked 
| 186|0x000000070ba00000, 0x000000070ba00000, 0x000000070bb00000|  0%| F|  |TAMS 0x000000070ba00000, 0x000000070ba00000| Untracked 
| 187|0x000000070bb00000, 0x000000070bb00000, 0x000000070bc00000|  0%| F|  |TAMS 0x000000070bb00000, 0x000000070bb00000| Untracked 
| 188|0x000000070bc00000, 0x000000070bc00000, 0x000000070bd00000|  0%| F|  |TAMS 0x000000070bc00000, 0x000000070bc00000| Untracked 
| 189|0x000000070bd00000, 0x000000070bd00000, 0x000000070be00000|  0%| F|  |TAMS 0x000000070bd00000, 0x000000070bd00000| Untracked 
| 190|0x000000070be00000, 0x000000070be00000, 0x000000070bf00000|  0%| F|  |TAMS 0x000000070be00000, 0x000000070be00000| Untracked 
| 191|0x000000070bf00000, 0x000000070bf00000, 0x000000070c000000|  0%| F|  |TAMS 0x000000070bf00000, 0x000000070bf00000| Untracked 
| 192|0x000000070c000000, 0x000000070c000000, 0x000000070c100000|  0%| F|  |TAMS 0x000000070c000000, 0x000000070c000000| Untracked 
| 193|0x000000070c100000, 0x000000070c100000, 0x000000070c200000|  0%| F|  |TAMS 0x000000070c100000, 0x000000070c100000| Untracked 
| 194|0x000000070c200000, 0x000000070c200000, 0x000000070c300000|  0%| F|  |TAMS 0x000000070c200000, 0x000000070c200000| Untracked 
| 195|0x000000070c300000, 0x000000070c300000, 0x000000070c400000|  0%| F|  |TAMS 0x000000070c300000, 0x000000070c300000| Untracked 
| 196|0x000000070c400000, 0x000000070c400000, 0x000000070c500000|  0%| F|  |TAMS 0x000000070c400000, 0x000000070c400000| Untracked 
| 197|0x000000070c500000, 0x000000070c500000, 0x000000070c600000|  0%| F|  |TAMS 0x000000070c500000, 0x000000070c500000| Untracked 
| 198|0x000000070c600000, 0x000000070c600000, 0x000000070c700000|  0%| F|  |TAMS 0x000000070c600000, 0x000000070c600000| Untracked 
| 199|0x000000070c700000, 0x000000070c700000, 0x000000070c800000|  0%| F|  |TAMS 0x000000070c700000, 0x000000070c700000| Untracked 
| 200|0x000000070c800000, 0x000000070c800000, 0x000000070c900000|  0%| F|  |TAMS 0x000000070c800000, 0x000000070c800000| Untracked 
| 201|0x000000070c900000, 0x000000070c900000, 0x000000070ca00000|  0%| F|  |TAMS 0x000000070c900000, 0x000000070c900000| Untracked 
| 202|0x000000070ca00000, 0x000000070ca00000, 0x000000070cb00000|  0%| F|  |TAMS 0x000000070ca00000, 0x000000070ca00000| Untracked 
| 203|0x000000070cb00000, 0x000000070cb00000, 0x000000070cc00000|  0%| F|  |TAMS 0x000000070cb00000, 0x000000070cb00000| Untracked 
| 204|0x000000070cc00000, 0x000000070cc00000, 0x000000070cd00000|  0%| F|  |TAMS 0x000000070cc00000, 0x000000070cc00000| Untracked 
| 205|0x000000070cd00000, 0x000000070cd00000, 0x000000070ce00000|  0%| F|  |TAMS 0x000000070cd00000, 0x000000070cd00000| Untracked 
| 206|0x000000070ce00000, 0x000000070ce00000, 0x000000070cf00000|  0%| F|  |TAMS 0x000000070ce00000, 0x000000070ce00000| Untracked 
| 207|0x000000070cf00000, 0x000000070cf00000, 0x000000070d000000|  0%| F|  |TAMS 0x000000070cf00000, 0x000000070cf00000| Untracked 
| 208|0x000000070d000000, 0x000000070d000000, 0x000000070d100000|  0%| F|  |TAMS 0x000000070d000000, 0x000000070d000000| Untracked 
| 209|0x000000070d100000, 0x000000070d100000, 0x000000070d200000|  0%| F|  |TAMS 0x000000070d100000, 0x000000070d100000| Untracked 
| 210|0x000000070d200000, 0x000000070d200000, 0x000000070d300000|  0%| F|  |TAMS 0x000000070d200000, 0x000000070d200000| Untracked 
| 211|0x000000070d300000, 0x000000070d300000, 0x000000070d400000|  0%| F|  |TAMS 0x000000070d300000, 0x000000070d300000| Untracked 
| 212|0x000000070d400000, 0x000000070d400000, 0x000000070d500000|  0%| F|  |TAMS 0x000000070d400000, 0x000000070d400000| Untracked 
| 213|0x000000070d500000, 0x000000070d500000, 0x000000070d600000|  0%| F|  |TAMS 0x000000070d500000, 0x000000070d500000| Untracked 
| 214|0x000000070d600000, 0x000000070d600000, 0x000000070d700000|  0%| F|  |TAMS 0x000000070d600000, 0x000000070d600000| Untracked 
| 215|0x000000070d700000, 0x000000070d700000, 0x000000070d800000|  0%| F|  |TAMS 0x000000070d700000, 0x000000070d700000| Untracked 
| 216|0x000000070d800000, 0x000000070d800000, 0x000000070d900000|  0%| F|  |TAMS 0x000000070d800000, 0x000000070d800000| Untracked 
| 217|0x000000070d900000, 0x000000070d900000, 0x000000070da00000|  0%| F|  |TAMS 0x000000070d900000, 0x000000070d900000| Untracked 
| 218|0x000000070da00000, 0x000000070da00000, 0x000000070db00000|  0%| F|  |TAMS 0x000000070da00000, 0x000000070da00000| Untracked 
| 219|0x000000070db00000, 0x000000070db00000, 0x000000070dc00000|  0%| F|  |TAMS 0x000000070db00000, 0x000000070db00000| Untracked 
| 220|0x000000070dc00000, 0x000000070dc00000, 0x000000070dd00000|  0%| F|  |TAMS 0x000000070dc00000, 0x000000070dc00000| Untracked 
| 221|0x000000070dd00000, 0x000000070dd00000, 0x000000070de00000|  0%| F|  |TAMS 0x000000070dd00000, 0x000000070dd00000| Untracked 
| 222|0x000000070de00000, 0x000000070de00000, 0x000000070df00000|  0%| F|  |TAMS 0x000000070de00000, 0x000000070de00000| Untracked 
| 223|0x000000070df00000, 0x000000070df00000, 0x000000070e000000|  0%| F|  |TAMS 0x000000070df00000, 0x000000070df00000| Untracked 
| 224|0x000000070e000000, 0x000000070e000000, 0x000000070e100000|  0%| F|  |TAMS 0x000000070e000000, 0x000000070e000000| Untracked 
| 225|0x000000070e100000, 0x000000070e100000, 0x000000070e200000|  0%| F|  |TAMS 0x000000070e100000, 0x000000070e100000| Untracked 
| 226|0x000000070e200000, 0x000000070e200000, 0x000000070e300000|  0%| F|  |TAMS 0x000000070e200000, 0x000000070e200000| Untracked 
| 227|0x000000070e300000, 0x000000070e300000, 0x000000070e400000|  0%| F|  |TAMS 0x000000070e300000, 0x000000070e300000| Untracked 
| 228|0x000000070e400000, 0x000000070e400000, 0x000000070e500000|  0%| F|  |TAMS 0x000000070e400000, 0x000000070e400000| Untracked 
| 229|0x000000070e500000, 0x000000070e500000, 0x000000070e600000|  0%| F|  |TAMS 0x000000070e500000, 0x000000070e500000| Untracked 
| 230|0x000000070e600000, 0x000000070e600000, 0x000000070e700000|  0%| F|  |TAMS 0x000000070e600000, 0x000000070e600000| Untracked 
| 231|0x000000070e700000, 0x000000070e700000, 0x000000070e800000|  0%| F|  |TAMS 0x000000070e700000, 0x000000070e700000| Untracked 
| 232|0x000000070e800000, 0x000000070e800000, 0x000000070e900000|  0%| F|  |TAMS 0x000000070e800000, 0x000000070e800000| Untracked 
| 233|0x000000070e900000, 0x000000070e900000, 0x000000070ea00000|  0%| F|  |TAMS 0x000000070e900000, 0x000000070e900000| Untracked 
| 234|0x000000070ea00000, 0x000000070ea00000, 0x000000070eb00000|  0%| F|  |TAMS 0x000000070ea00000, 0x000000070ea00000| Untracked 
| 235|0x000000070eb00000, 0x000000070eb00000, 0x000000070ec00000|  0%| F|  |TAMS 0x000000070eb00000, 0x000000070eb00000| Untracked 
| 236|0x000000070ec00000, 0x000000070ed00000, 0x000000070ed00000|100%| S|CS|TAMS 0x000000070ec00000, 0x000000070ec00000| Complete 
| 237|0x000000070ed00000, 0x000000070ee00000, 0x000000070ee00000|100%| S|CS|TAMS 0x000000070ed00000, 0x000000070ed00000| Complete 
| 238|0x000000070ee00000, 0x000000070ef00000, 0x000000070ef00000|100%| S|CS|TAMS 0x000000070ee00000, 0x000000070ee00000| Complete 
| 239|0x000000070ef00000, 0x000000070ef00000, 0x000000070f000000|  0%| F|  |TAMS 0x000000070ef00000, 0x000000070ef00000| Untracked 
| 240|0x000000070f000000, 0x000000070f000000, 0x000000070f100000|  0%| F|  |TAMS 0x000000070f000000, 0x000000070f000000| Untracked 
| 241|0x000000070f100000, 0x000000070f100000, 0x000000070f200000|  0%| F|  |TAMS 0x000000070f100000, 0x000000070f100000| Untracked 
| 242|0x000000070f200000, 0x000000070f200000, 0x000000070f300000|  0%| F|  |TAMS 0x000000070f200000, 0x000000070f200000| Untracked 
| 243|0x000000070f300000, 0x000000070f300000, 0x000000070f400000|  0%| F|  |TAMS 0x000000070f300000, 0x000000070f300000| Untracked 
| 244|0x000000070f400000, 0x000000070f400000, 0x000000070f500000|  0%| F|  |TAMS 0x000000070f400000, 0x000000070f400000| Untracked 
| 245|0x000000070f500000, 0x000000070f500000, 0x000000070f600000|  0%| F|  |TAMS 0x000000070f500000, 0x000000070f500000| Untracked 
| 246|0x000000070f600000, 0x000000070f600000, 0x000000070f700000|  0%| F|  |TAMS 0x000000070f600000, 0x000000070f600000| Untracked 
| 247|0x000000070f700000, 0x000000070f789b50, 0x000000070f800000| 53%| E|  |TAMS 0x000000070f700000, 0x000000070f700000| Complete 
| 248|0x000000070f800000, 0x000000070f900000, 0x000000070f900000|100%| E|CS|TAMS 0x000000070f800000, 0x000000070f800000| Complete 
| 249|0x000000070f900000, 0x000000070fa00000, 0x000000070fa00000|100%| E|CS|TAMS 0x000000070f900000, 0x000000070f900000| Complete 
| 250|0x000000070fa00000, 0x000000070fb00000, 0x000000070fb00000|100%| E|CS|TAMS 0x000000070fa00000, 0x000000070fa00000| Complete 
| 251|0x000000070fb00000, 0x000000070fc00000, 0x000000070fc00000|100%| E|CS|TAMS 0x000000070fb00000, 0x000000070fb00000| Complete 
| 252|0x000000070fc00000, 0x000000070fd00000, 0x000000070fd00000|100%| E|CS|TAMS 0x000000070fc00000, 0x000000070fc00000| Complete 
| 253|0x000000070fd00000, 0x000000070fe00000, 0x000000070fe00000|100%| E|CS|TAMS 0x000000070fd00000, 0x000000070fd00000| Complete 
| 254|0x000000070fe00000, 0x000000070ff00000, 0x000000070ff00000|100%| E|CS|TAMS 0x000000070fe00000, 0x000000070fe00000| Complete 
| 255|0x000000070ff00000, 0x0000000710000000, 0x0000000710000000|100%| E|CS|TAMS 0x000000070ff00000, 0x000000070ff00000| Complete 

Card table byte_map: [0x0000000129749000,0x0000000129f49000] _byte_map_base: 0x0000000125f49000

Marking Bits (Prev, Next): (CMBitMap*) 0x00007fac0482cc50, (CMBitMap*) 0x00007fac0482cc18
 Prev Bits: [0x000000012e749000, 0x0000000132749000)
 Next Bits: [0x000000012a749000, 0x000000012e749000)

Polling page: 0x0000000108188000

Metaspace:

Usage:
  Non-class:     21.99 MB capacity,    21.72 MB ( 99%) used,   212.85 KB ( <1%) free+waste,    61.75 KB ( <1%) overhead. 
      Class:      3.09 MB capacity,     2.88 MB ( 93%) used,   189.14 KB (  6%) free+waste,    31.88 KB (  1%) overhead. 
       Both:     25.08 MB capacity,    24.59 MB ( 98%) used,   401.99 KB (  2%) free+waste,    93.62 KB ( <1%) overhead. 

Virtual space:
  Non-class space:       24.00 MB reserved,      22.25 MB ( 93%) committed 
      Class space:        1.00 GB reserved,       3.12 MB ( <1%) committed 
             Both:        1.02 GB reserved,      25.38 MB (  2%) committed 

Chunk freelists:
   Non-Class:  79.00 KB
       Class:  2.00 KB
        Both:  81.00 KB

MaxMetaspaceSize: unlimited
CompressedClassSpaceSize: 1.00 GB

CodeHeap 'non-profiled nmethods': size=119172Kb used=638Kb max_used=638Kb free=118533Kb
 bounds [0x00000001222e8000, 0x0000000122558000, 0x0000000129749000]
CodeHeap 'profiled nmethods': size=119168Kb used=4687Kb max_used=4687Kb free=114480Kb
 bounds [0x000000011ae88000, 0x000000011b328000, 0x00000001222e8000]
CodeHeap 'non-nmethods': size=7420Kb used=1827Kb max_used=1839Kb free=5592Kb
 bounds [0x000000011a749000, 0x000000011a9b9000, 0x000000011ae88000]
 total_blobs=2765 nmethods=2075 adapters=601
 compilation: enabled
              stopped_count=0, restarted_count=0
 full_count=0

Compilation events (20 events):
Event: 13.057 Thread 0x00007fac01422000 2067   !   3       java.awt.color.ColorSpace::getInstance (300 bytes)
Event: 13.058 Thread 0x00007fac0100de00 2068       3       sun.java2d.SunGraphics2D::invalidateTransform (226 bytes)
Event: 13.058 Thread 0x00007fac01841400 2071       4       java.awt.Component::getParent (5 bytes)
Event: 13.058 Thread 0x00007fac01841400 nmethod 2071 0x0000000122387890 code [0x0000000122387a20, 0x0000000122387a98]
Event: 13.058 Thread 0x00007fac01422000 nmethod 2067 0x000000011b314790 code [0x000000011b314a80, 0x000000011b315bc0]
Event: 13.058 Thread 0x00007fac01422000 2069       3       sun.java2d.SunGraphics2D::validateBasicStroke (332 bytes)
Event: 13.058 Thread 0x00007fac0100de00 nmethod 2068 0x000000011b316790 code [0x000000011b316a60, 0x000000011b3174a0]
Event: 13.058 Thread 0x00007fac0100de00 2070       3       java.awt.geom.AffineTransform::getDeterminant (99 bytes)
Event: 13.059 Thread 0x00007fac0100de00 nmethod 2070 0x000000011b317c90 code [0x000000011b317ea0, 0x000000011b318260]
Event: 13.059 Thread 0x00007fac0100de00 2072       3       java.awt.Container::adjustDescendantsOnParent (16 bytes)
Event: 13.059 Thread 0x00007fac0100de00 nmethod 2072 0x000000011b318510 code [0x000000011b3186e0, 0x000000011b318a00]
Event: 13.059 Thread 0x00007fac0100de00 2073       3       java.awt.geom.RectangularShape::getMinX (5 bytes)
Event: 13.059 Thread 0x00007fac0100de00 nmethod 2073 0x000000011b318b90 code [0x000000011b318d40, 0x000000011b318f00]
Event: 13.059 Thread 0x00007fac0100de00 2074       3       java.awt.geom.RectangularShape::getMinY (5 bytes)
Event: 13.059 Thread 0x00007fac01422000 nmethod 2069 0x000000011b318f90 code [0x000000011b3192c0, 0x000000011b31a460]
Event: 13.059 Thread 0x00007fac0100de00 nmethod 2074 0x000000011b31b010 code [0x000000011b31b1c0, 0x000000011b31b380]
Event: 13.059 Thread 0x00007fac01422000 2075       3       java.awt.geom.RectangularShape::getMaxX (10 bytes)
Event: 13.059 Thread 0x00007fac0100de00 2076       3       java.awt.geom.RectangularShape::getMaxY (10 bytes)
Event: 13.060 Thread 0x00007fac01422000 nmethod 2075 0x000000011b31b410 code [0x000000011b31b5e0, 0x000000011b31b870]
Event: 13.060 Thread 0x00007fac0100de00 nmethod 2076 0x000000011b31b990 code [0x000000011b31bb60, 0x000000011b31bdf0]

GC Heap History (2 events):
Event: 2.428 GC heap before
{Heap before GC invocations=0 (full 0):
 garbage-first heap   total 262144K, used 16384K [0x0000000700000000, 0x0000000800000000)
  region size 1024K, 17 young (17408K), 0 survivors (0K)
 Metaspace       used 20702K, capacity 21103K, committed 21248K, reserved 1069056K
  class space    used 2364K, capacity 2548K, committed 2560K, reserved 1048576K
}
Event: 2.435 GC heap after
{Heap after GC invocations=1 (full 0):
 garbage-first heap   total 262144K, used 3993K [0x0000000700000000, 0x0000000800000000)
  region size 1024K, 3 young (3072K), 3 survivors (3072K)
 Metaspace       used 20702K, capacity 21103K, committed 21248K, reserved 1069056K
  class space    used 2364K, capacity 2548K, committed 2560K, reserved 1048576K
}

Deoptimization events (20 events):
Event: 2.618 Thread 0x00007fac0109bc00 Uncommon trap: trap_request=0xffffffde fr.pc=0x0000000122307060 relative=0x00000000000001c0
Event: 2.618 Thread 0x00007fac0109bc00 Uncommon trap: reason=class_check action=maybe_recompile pc=0x0000000122307060 method=java.lang.String.equals(Ljava/lang/Object;)Z @ 8 c2
Event: 2.618 Thread 0x00007fac0109bc00 DEOPT PACKING pc=0x0000000122307060 sp=0x00007000079e1170
Event: 2.618 Thread 0x00007fac0109bc00 DEOPT UNPACKING pc=0x000000011a76f325 sp=0x00007000079e1128 mode 2
Event: 2.618 Thread 0x00007fac0109bc00 Uncommon trap: trap_request=0xffffffde fr.pc=0x0000000122307060 relative=0x00000000000001c0
Event: 2.618 Thread 0x00007fac0109bc00 Uncommon trap: reason=class_check action=maybe_recompile pc=0x0000000122307060 method=java.lang.String.equals(Ljava/lang/Object;)Z @ 8 c2
Event: 2.618 Thread 0x00007fac0109bc00 DEOPT PACKING pc=0x0000000122307060 sp=0x00007000079e1120
Event: 2.618 Thread 0x00007fac0109bc00 DEOPT UNPACKING pc=0x000000011a76f325 sp=0x00007000079e10d8 mode 2
Event: 2.632 Thread 0x00007fac0109bc00 Uncommon trap: trap_request=0xffffff4d fr.pc=0x0000000122343fac relative=0x00000000000001ec
Event: 2.632 Thread 0x00007fac0109bc00 Uncommon trap: reason=unstable_if action=reinterpret pc=0x0000000122343fac method=java.util.HashMap.getNode(ILjava/lang/Object;)Ljava/util/HashMap$Node; @ 53 c2
Event: 2.632 Thread 0x00007fac0109bc00 DEOPT PACKING pc=0x0000000122343fac sp=0x00007000079e14b0
Event: 2.632 Thread 0x00007fac0109bc00 DEOPT UNPACKING pc=0x000000011a76f325 sp=0x00007000079e1440 mode 2
Event: 2.650 Thread 0x00007fac0109bc00 Uncommon trap: trap_request=0xffffffcc fr.pc=0x000000012236b6fc relative=0x00000000000002bc
Event: 2.650 Thread 0x00007fac0109bc00 Uncommon trap: reason=intrinsic_or_type_checked_inlining action=make_not_entrant pc=0x000000012236b6fc method=java.util.Arrays.copyOf([Ljava/lang/Object;ILjava/lang/Class;)[Ljava/lang/Object; @ 35 c2
Event: 2.650 Thread 0x00007fac0109bc00 DEOPT PACKING pc=0x000000012236b6fc sp=0x00007000079e0340
Event: 2.650 Thread 0x00007fac0109bc00 DEOPT UNPACKING pc=0x000000011a76f325 sp=0x00007000079e02e8 mode 2
Event: 12.140 Thread 0x00007fac0109bc00 Uncommon trap: trap_request=0xffffff4d fr.pc=0x0000000122379f34 relative=0x0000000000000094
Event: 12.140 Thread 0x00007fac0109bc00 Uncommon trap: reason=unstable_if action=reinterpret pc=0x0000000122379f34 method=java.awt.Component.inside(II)Z @ 1 c2
Event: 12.140 Thread 0x00007fac0109bc00 DEOPT PACKING pc=0x0000000122379f34 sp=0x00007000079e00c0
Event: 12.140 Thread 0x00007fac0109bc00 DEOPT UNPACKING pc=0x000000011a76f325 sp=0x00007000079dff80 mode 2

Classes redefined (0 events):
No events

Internal exceptions (20 events):
Event: 0.968 Thread 0x00007fac0109bc00 Exception <a 'java/lang/ClassNotFoundException'{0x000000070f19d2c0}: net/miginfocom/layout/UnitValueCustomizer> (0x000000070f19d2c0) thrown at [./src/hotspot/share/classfile/systemDictionary.cpp, line 231]
Event: 0.970 Thread 0x00007fac0109bc00 Exception <a 'java/lang/ClassNotFoundException'{0x000000070f1b2a08}: java/lang/ObjectCustomizer> (0x000000070f1b2a08) thrown at [./src/hotspot/share/classfile/systemDictionary.cpp, line 231]
Event: 0.970 Thread 0x00007fac0109bc00 Exception <a 'java/lang/ClassNotFoundException'{0x000000070f1b7880}: net/miginfocom/layout/BoundSizeCustomizer> (0x000000070f1b7880) thrown at [./src/hotspot/share/classfile/systemDictionary.cpp, line 231]
Event: 2.475 Thread 0x00007fac0109bc00 Exception <a 'java/lang/NullPointerException'{0x000000070fd20510}> (0x000000070fd20510) thrown at [./src/hotspot/share/prims/jni.cpp, line 636]
Event: 2.513 Thread 0x00007fac0109bc00 Implicit null exception at 0x0000000122315474 to 0x0000000122315974
Event: 2.547 Thread 0x00007fac0109bc00 Exception <a 'java/lang/NoSuchMethodError'{0x000000070fb042e8}: 'java.lang.Object java.lang.invoke.DirectMethodHandle$Holder.invokeStatic(java.lang.Object, java.lang.Object, java.lang.Object, int, java.lang.Object)'> (0x000000070fb042e8) thrown at [./src/hotspot/share/interpreter/linkResolver.cpp, line 773]
Event: 2.547 Thread 0x00007fac0109bc00 Exception <a 'java/lang/NoSuchMethodError'{0x000000070fb0b120}: 'java.lang.Object java.lang.invoke.Invokers$Holder.linkToTargetMethod(java.lang.Object, java.lang.Object, int, java.lang.Object, java.lang.Object)'> (0x000000070fb0b120) thrown at [./src/hotspot/share/interpreter/linkResolver.cpp, line 773]
Event: 2.564 Thread 0x00007fac0109bc00 Exception <a 'java/lang/NoSuchMethodError'{0x000000070fb0ef08}: 'void java.lang.invoke.DirectMethodHandle$Holder.invokeStatic(java.lang.Object, int, long)'> (0x000000070fb0ef08) thrown at [./src/hotspot/share/interpreter/linkResolver.cpp, line 773]
Event: 2.566 Thread 0x00007fac0109bc00 Exception <a 'java/lang/NoSuchMethodError'{0x000000070fb16af8}: 'void java.lang.invoke.DirectMethodHandle$Holder.invokeSpecial(java.lang.Object, java.lang.Object)'> (0x000000070fb16af8) thrown at [./src/hotspot/share/interpreter/linkResolver.cpp, line 773]
Event: 2.567 Thread 0x00007fac0109bc00 Exception <a 'java/lang/NoSuchMethodError'{0x000000070fb22088}: 'java.lang.Object java.lang.invoke.DirectMethodHandle$Holder.invokeStatic(java.lang.Object, int, int, int, int)'> (0x000000070fb22088) thrown at [./src/hotspot/share/interpreter/linkResolver.cpp, line 773]
Event: 2.567 Thread 0x00007fac0109bc00 Exception <a 'java/lang/NoSuchMethodError'{0x000000070fb25728}: 'java.lang.Object java.lang.invoke.DirectMethodHandle$Holder.invokeSpecial(java.lang.Object, java.lang.Object, int, int, int, int)'> (0x000000070fb25728) thrown at [./src/hotspot/share/interpreter/linkResolver.cpp, line 773]
Event: 2.567 Thread 0x00007fac0109bc00 Exception <a 'java/lang/NoSuchMethodError'{0x000000070fb28868}: 'java.lang.Object java.lang.invoke.Invokers$Holder.linkToTargetMethod(int, int, int, int, java.lang.Object)'> (0x000000070fb28868) thrown at [./src/hotspot/share/interpreter/linkResolver.cpp, line 773]
Event: 2.574 Thread 0x00007fac01043800 Exception <a 'java/lang/NoSuchMethodError'{0x000000070fb9b4b0}: 'void java.lang.invoke.DirectMethodHandle$Holder.invokeSpecial(java.lang.Object, java.lang.Object, long)'> (0x000000070fb9b4b0) thrown at [./src/hotspot/share/interpreter/linkResolver.cpp, line 773]
Event: 2.601 Thread 0x00007fac0109bc00 Exception <a 'java/lang/NoSuchMethodError'{0x000000070fb3e810}: 'void java.lang.invoke.DirectMethodHandle$Holder.invokeSpecial(java.lang.Object, java.lang.Object, java.lang.Object, long)'> (0x000000070fb3e810) thrown at [./src/hotspot/share/interpreter/linkResolver.cpp, line 773]
Event: 2.602 Thread 0x00007fac0109bc00 Exception <a 'java/lang/NoSuchMethodError'{0x000000070fb4bcd0}: 'java.lang.Object java.lang.invoke.DirectMethodHandle$Holder.invokeStatic(java.lang.Object, java.lang.Object, java.lang.Object, int, int, int)'> (0x000000070fb4bcd0) thrown at [./src/hotspot/share/interpreter/linkResolver.cpp, line 773]
Event: 2.602 Thread 0x00007fac0109bc00 Exception <a 'java/lang/NoSuchMethodError'{0x000000070fb52a50}: 'java.lang.Object java.lang.invoke.Invokers$Holder.linkToTargetMethod(java.lang.Object, java.lang.Object, int, int, int, java.lang.Object)'> (0x000000070fb52a50) thrown at [./src/hotspot/share/interpreter/linkResolver.cpp, line 773]
Event: 2.606 Thread 0x00007fac0109bc00 Exception <a 'java/lang/NoSuchMethodError'{0x000000070fb61780}: 'void java.lang.invoke.DirectMethodHandle$Holder.invokeStatic(java.lang.Object, long, long)'> (0x000000070fb61780) thrown at [./src/hotspot/share/interpreter/linkResolver.cpp, line 773]
Event: 2.606 Thread 0x00007fac0109bc00 Exception <a 'java/lang/NoSuchMethodError'{0x000000070fb66c18}: 'java.lang.Object java.lang.invoke.DirectMethodHandle$Holder.invokeStatic(java.lang.Object, long)'> (0x000000070fb66c18) thrown at [./src/hotspot/share/interpreter/linkResolver.cpp, line 773]
Event: 2.642 Thread 0x00007fac0109bc00 Exception <a 'java/lang/NoSuchMethodError'{0x000000070fa71080}: 'java.lang.Object java.lang.invoke.Invokers$Holder.linkToTargetMethod(java.lang.Object, int, java.lang.Object)'> (0x000000070fa71080) thrown at [./src/hotspot/share/interpreter/linkResolver.cpp, line 773]
Event: 2.653 Thread 0x00007fac0109bc00 Exception <a 'java/lang/NoSuchMethodError'{0x000000070fa89cf0}: 'java.lang.Object java.lang.invoke.DirectMethodHandle$Holder.invokeStatic(java.lang.Object, int, int, java.lang.Object, java.lang.Object, java.lang.Object)'> (0x000000070fa89cf0) thrown at [./src/hotspot/share/interpreter/linkResolver.cpp, line 773]

Events (20 events):
Event: 3.856 Thread 0x00007fac05990c00 Thread added: 0x00007fac05990c00
Event: 3.856 Protecting memory [0x000070000860b000,0x000070000860f000] with protection modes 0
Event: 3.856 loading class javax/swing/text/AbstractDocument$ElementEdit
Event: 3.856 loading class javax/swing/text/AbstractDocument$ElementEdit done
Event: 4.039 loading class java/awt/LightweightDispatcher$2
Event: 4.039 loading class java/awt/LightweightDispatcher$2 done
Event: 4.082 loading class javax/swing/Timer$1
Event: 4.084 loading class javax/swing/Timer$1 done
Event: 4.944 Protecting memory [0x0000700008405000,0x0000700008409000] with protection modes 3
Event: 4.944 Thread 0x00007fac019f6200 Thread exited: 0x00007fac019f6200
Event: 5.676 Protecting memory [0x00007000079e7000,0x00007000079eb000] with protection modes 3
Event: 5.676 Thread 0x00007fac01915000 Thread exited: 0x00007fac01915000
Event: 12.038 Thread 0x00007fac01422000 Thread added: 0x00007fac01422000
Event: 12.038 Protecting memory [0x0000700007658000,0x000070000765c000] with protection modes 0
Event: 13.028 loading class sun/lwawt/LWWindowPeer$1
Event: 13.028 loading class sun/lwawt/LWWindowPeer$1 done
Event: 13.060 loading class java/util/LinkedHashMap$LinkedEntrySet
Event: 13.060 loading class java/util/LinkedHashMap$LinkedEntrySet done
Event: 13.061 loading class java/util/LinkedHashMap$LinkedEntryIterator
Event: 13.061 loading class java/util/LinkedHashMap$LinkedEntryIterator done


Dynamic libraries:
0x00007fff34f47000 	/System/Library/Frameworks/Cocoa.framework/Versions/A/Cocoa
0x00007fff222bc000 	/System/Library/Frameworks/Security.framework/Versions/A/Security
0x00007fff33154000 	/System/Library/Frameworks/ApplicationServices.framework/Versions/A/ApplicationServices
0x00007fff2a539000 	/usr/lib/libz.1.dylib
0x00000001080c6000 	/Library/Java/JavaVirtualMachines/applejdk-11.0.8.10.4.jdk/Contents/Home/lib/jli/libjli.dylib
0x00007fff2a601000 	/usr/lib/libSystem.B.dylib
0x00007fff22cea000 	/System/Library/Frameworks/AppKit.framework/Versions/C/AppKit
0x00007fff25ba9000 	/System/Library/Frameworks/CoreData.framework/Versions/A/CoreData
0x00007fff21255000 	/System/Library/Frameworks/Foundation.framework/Versions/C/Foundation
0x00007fff23a33000 	/System/Library/PrivateFrameworks/UIFoundation.framework/Versions/A/UIFoundation
0x00007fff2fc2a000 	/System/Library/PrivateFrameworks/RemoteViewServices.framework/Versions/A/RemoteViewServices
0x00007fff28a45000 	/System/Library/PrivateFrameworks/XCTTargetBootstrap.framework/Versions/A/XCTTargetBootstrap
0x00007fff2b72a000 	/usr/lib/libspindump.dylib
0x00007fff23c82000 	/System/Library/Frameworks/UniformTypeIdentifiers.framework/Versions/A/UniformTypeIdentifiers
0x00007fff27245000 	/usr/lib/libapp_launch_measurement.dylib
0x00007fff27248000 	/System/Library/PrivateFrameworks/CoreAutoLayout.framework/Versions/A/CoreAutoLayout
0x00007fff283a8000 	/System/Library/Frameworks/Metal.framework/Versions/A/Metal
0x00007fff290a2000 	/usr/lib/liblangid.dylib
0x00007fff28a49000 	/System/Library/PrivateFrameworks/CoreSVG.framework/Versions/A/CoreSVG
0x00007fff24cc1000 	/System/Library/PrivateFrameworks/SkyLight.framework/Versions/A/SkyLight
0x00007fff25026000 	/System/Library/Frameworks/CoreGraphics.framework/Versions/A/CoreGraphics
0x00007fff30151000 	/System/Library/Frameworks/Accelerate.framework/Versions/A/Accelerate
0x00007fff2b168000 	/System/Library/PrivateFrameworks/IconServices.framework/Versions/A/IconServices
0x00007fff2838c000 	/System/Library/Frameworks/IOSurface.framework/Versions/A/IOSurface
0x00007fff26531000 	/usr/lib/libDiagnosticMessagesClient.dylib
0x00007fff28a31000 	/System/Library/PrivateFrameworks/DFRFoundation.framework/Versions/A/DFRFoundation
0x00007fff22611000 	/usr/lib/libicucore.A.dylib
0x00007fff2cc71000 	/System/Library/Frameworks/AudioToolbox.framework/Versions/A/AudioToolbox
0x00007fff2befb000 	/System/Library/PrivateFrameworks/DataDetectorsCore.framework/Versions/A/DataDetectorsCore
0x00007fff24c35000 	/usr/lib/libMobileGestalt.dylib
0x00007fff28735000 	/System/Library/Frameworks/Carbon.framework/Versions/A/Frameworks/HIToolbox.framework/Versions/A/HIToolbox
0x00007fff26c8b000 	/System/Library/Frameworks/QuartzCore.framework/Versions/A/QuartzCore
0x00007fff2fc62000 	/System/Library/Frameworks/Carbon.framework/Versions/A/Frameworks/SpeechRecognition.framework/Versions/A/SpeechRecognition
0x00007fff26faa000 	/System/Library/PrivateFrameworks/CoreUI.framework/Versions/A/CoreUI
0x00007fff21c2b000 	/System/Library/Frameworks/CoreAudio.framework/Versions/A/CoreAudio
0x00007fff2661c000 	/System/Library/Frameworks/DiskArbitration.framework/Versions/A/DiskArbitration
0x00007fff2baf8000 	/System/Library/PrivateFrameworks/MultitouchSupport.framework/Versions/A/MultitouchSupport
0x00007fff2bef2000 	/System/Library/PrivateFrameworks/InternationalSupport.framework/Versions/A/InternationalSupport
0x00007fff24c34000 	/usr/lib/libenergytrace.dylib
0x00007fff22be1000 	/System/Library/Frameworks/IOKit.framework/Versions/A/IOKit
0x00007fff2ff95000 	/System/Library/Frameworks/CoreServices.framework/Versions/A/CoreServices
0x00007fff271d7000 	/System/Library/PrivateFrameworks/PerformanceAnalysis.framework/Versions/A/PerformanceAnalysis
0x00007fff6ba49000 	/System/Library/Frameworks/OpenGL.framework/Versions/A/OpenGL
0x00007fff2bf76000 	/System/Library/PrivateFrameworks/UserActivity.framework/Versions/A/UserActivity
0x00007fff202c8000 	/usr/lib/libobjc.A.dylib
0x00007fff256b0000 	/System/Library/Frameworks/ColorSync.framework/Versions/A/ColorSync
0x00007fff204a8000 	/System/Library/Frameworks/CoreFoundation.framework/Versions/A/CoreFoundation
0x00007fff28cb0000 	/System/Library/Frameworks/CoreImage.framework/Versions/A/CoreImage
0x00007fff21a45000 	/System/Library/Frameworks/CoreText.framework/Versions/A/CoreText
0x00007fff28a73000 	/System/Library/Frameworks/ImageIO.framework/Versions/A/ImageIO
0x00007fff2a607000 	/System/Library/PrivateFrameworks/SoftLinking.framework/Versions/A/SoftLinking
0x00007fff27290000 	/usr/lib/libxml2.2.dylib
0x00007fff2038e000 	/usr/lib/libc++.1.dylib
0x00007fff2a878000 	/usr/lib/libcompression.dylib
0x00007fff2be24000 	/System/Library/PrivateFrameworks/TextureIO.framework/Versions/A/TextureIO
0x00007fff2aea7000 	/usr/lib/libate.dylib
0x00007fff2a5fb000 	/usr/lib/system/libcache.dylib
0x00007fff2a5b7000 	/usr/lib/system/libcommonCrypto.dylib
0x00007fff2a5e1000 	/usr/lib/system/libcompiler_rt.dylib
0x00007fff2a5d6000 	/usr/lib/system/libcopyfile.dylib
0x00007fff201b8000 	/usr/lib/system/libcorecrypto.dylib
0x00007fff20283000 	/usr/lib/system/libdispatch.dylib
0x00007fff20436000 	/usr/lib/system/libdyld.dylib
0x00007fff2a5f2000 	/usr/lib/system/libkeymgr.dylib
0x00007fff2da08000 	/usr/lib/system/liblaunch.dylib
0x00007fff2a595000 	/usr/lib/system/libmacho.dylib
0x00007fff29d8d000 	/usr/lib/system/libquarantine.dylib
0x00007fff2a5ef000 	/usr/lib/system/libremovefile.dylib
0x00007fff24c92000 	/usr/lib/system/libsystem_asl.dylib
0x00007fff20168000 	/usr/lib/system/libsystem_blocks.dylib
0x00007fff20305000 	/usr/lib/system/libsystem_c.dylib
0x00007fff2a5e9000 	/usr/lib/system/libsystem_collections.dylib
0x00007fff29093000 	/usr/lib/system/libsystem_configuration.dylib
0x00007fff2837b000 	/usr/lib/system/libsystem_containermanager.dylib
0x00007fff2a338000 	/usr/lib/system/libsystem_coreservices.dylib
0x00007fff22871000 	/usr/lib/system/libsystem_darwin.dylib
0x00007fff2a5f3000 	/usr/lib/system/libsystem_dnssd.dylib
0x00007fff20302000 	/usr/lib/system/libsystem_featureflags.dylib
0x00007fff2047c000 	/usr/lib/system/libsystem_info.dylib
0x00007fff2a54c000 	/usr/lib/system/libsystem_m.dylib
0x00007fff20256000 	/usr/lib/system/libsystem_malloc.dylib
0x00007fff24c25000 	/usr/lib/system/libsystem_networkextension.dylib
0x00007fff22c90000 	/usr/lib/system/libsystem_notify.dylib
0x00007fff2fe97000 	/usr/lib/system/libsystem_product_info_filter.dylib
0x00007fff29097000 	/usr/lib/system/libsystem_sandbox.dylib
0x00007fff2a5ec000 	/usr/lib/system/libsystem_secinit.dylib
0x00007fff203fa000 	/usr/lib/system/libsystem_kernel.dylib
0x00007fff20472000 	/usr/lib/system/libsystem_platform.dylib
0x00007fff2042a000 	/usr/lib/system/libsystem_pthread.dylib
0x00007fff2636d000 	/usr/lib/system/libsystem_symptoms.dylib
0x00007fff201a0000 	/usr/lib/system/libsystem_trace.dylib
0x00007fff2a5c3000 	/usr/lib/system/libunwind.dylib
0x00007fff2016a000 	/usr/lib/system/libxpc.dylib
0x00007fff203e4000 	/usr/lib/libc++abi.dylib
0x00007fff2a5ce000 	/usr/lib/liboah.dylib
0x00007fff2ac8c000 	/usr/lib/liblzma.5.dylib
0x00007fff20f69000 	/System/Library/Frameworks/SystemConfiguration.framework/Versions/A/SystemConfiguration
0x00007fff2a603000 	/usr/lib/libfakelink.dylib
0x00007fff24786000 	/System/Library/Frameworks/CFNetwork.framework/Versions/A/CFNetwork
0x00007fff2a743000 	/usr/lib/libarchive.2.dylib
0x00007fff20fe7000 	/usr/lib/libCRFSuite.dylib
0x00007fff29db4000 	/usr/lib/libbsm.0.dylib
0x00007fff240ff000 	/usr/lib/libnetwork.dylib
0x00007fff2a608000 	/usr/lib/libpcap.A.dylib
0x00007fff26366000 	/usr/lib/libdns_services.dylib
0x00007fff2aca5000 	/usr/lib/libcoretls_cfhelpers.dylib
0x00007fff2a842000 	/usr/lib/libapple_nghttp2.dylib
0x00007fff2a59b000 	/usr/lib/system/libkxld.dylib
0x00007fff25fdf000 	/usr/lib/libsqlite3.dylib
0x00007fff2a31b000 	/System/Library/PrivateFrameworks/AppleFSCompression.framework/Versions/A/AppleFSCompression
0x00007fff29d9c000 	/usr/lib/libcoretls.dylib
0x00007fff2a873000 	/usr/lib/libpam.2.dylib
0x00007fff2ada3000 	/usr/lib/libxar.1.dylib
0x00007fff2909e000 	/System/Library/PrivateFrameworks/AppleSystemInfo.framework/Versions/A/AppleSystemInfo
0x00007fff299de000 	/System/Library/PrivateFrameworks/IOMobileFramebuffer.framework/Versions/A/IOMobileFramebuffer
0x00007fff2a32b000 	/usr/lib/libbz2.1.0.dylib
0x00007fff2a640000 	/usr/lib/libiconv.2.dylib
0x00007fff2a594000 	/usr/lib/libcharset.1.dylib
0x00007fff27213000 	/System/Library/Frameworks/CoreServices.framework/Versions/A/Frameworks/FSEvents.framework/Versions/A/FSEvents
0x00007fff2287b000 	/System/Library/Frameworks/CoreServices.framework/Versions/A/Frameworks/CarbonCore.framework/Versions/A/CarbonCore
0x00007fff26581000 	/System/Library/Frameworks/CoreServices.framework/Versions/A/Frameworks/Metadata.framework/Versions/A/Metadata
0x00007fff2a33d000 	/System/Library/Frameworks/CoreServices.framework/Versions/A/Frameworks/OSServices.framework/Versions/A/OSServices
0x00007fff2a7b5000 	/System/Library/Frameworks/CoreServices.framework/Versions/A/Frameworks/SearchKit.framework/Versions/A/SearchKit
0x00007fff262f1000 	/System/Library/Frameworks/CoreServices.framework/Versions/A/Frameworks/AE.framework/Versions/A/AE
0x00007fff20946000 	/System/Library/Frameworks/CoreServices.framework/Versions/A/Frameworks/LaunchServices.framework/Versions/A/LaunchServices
0x00007fff2ac3c000 	/System/Library/Frameworks/CoreServices.framework/Versions/A/Frameworks/DictionaryServices.framework/Versions/A/DictionaryServices
0x00007fff27220000 	/System/Library/Frameworks/CoreServices.framework/Versions/A/Frameworks/SharedFileList.framework/Versions/A/SharedFileList
0x00007fff29d90000 	/usr/lib/libCheckFix.dylib
0x00007fff24ca9000 	/System/Library/PrivateFrameworks/TCC.framework/Versions/A/TCC
0x00007fff290a4000 	/System/Library/PrivateFrameworks/CoreNLP.framework/Versions/A/CoreNLP
0x00007fff26534000 	/System/Library/PrivateFrameworks/MetadataUtilities.framework/Versions/A/MetadataUtilities
0x00007fff2101c000 	/usr/lib/libmecabra.dylib
0x00007fff2a09a000 	/System/Library/Frameworks/MLCompute.framework/Versions/A/MLCompute
0x00007fff29dc5000 	/usr/lib/libmecab.dylib
0x00007fff29e0f000 	/usr/lib/libgermantok.dylib
0x00007fff2a81d000 	/usr/lib/libThaiTokenizer.dylib
0x00007fff2adde000 	/usr/lib/libChineseTokenizer.dylib
0x00007fff2a871000 	/System/Library/Frameworks/MetalPerformanceShaders.framework/Versions/A/MetalPerformanceShaders
0x00007fff26623000 	/System/Library/Frameworks/Accelerate.framework/Versions/A/Frameworks/vImage.framework/Versions/A/vImage
0x00007fff2ff6f000 	/System/Library/Frameworks/Accelerate.framework/Versions/A/Frameworks/vecLib.framework/Versions/A/vecLib
0x00007fff2ade9000 	/System/Library/Frameworks/Accelerate.framework/Versions/A/Frameworks/vecLib.framework/Versions/A/libvMisc.dylib
0x00007fff297f9000 	/System/Library/Frameworks/Accelerate.framework/Versions/A/Frameworks/vecLib.framework/Versions/A/libvDSP.dylib
0x00007fff20c4f000 	/System/Library/Frameworks/Accelerate.framework/Versions/A/Frameworks/vecLib.framework/Versions/A/libBLAS.dylib
0x00007fff2a89e000 	/System/Library/Frameworks/Accelerate.framework/Versions/A/Frameworks/vecLib.framework/Versions/A/libLAPACK.dylib
0x00007fff29e15000 	/System/Library/Frameworks/Accelerate.framework/Versions/A/Frameworks/vecLib.framework/Versions/A/libLinearAlgebra.dylib
0x00007fff2a85a000 	/System/Library/Frameworks/Accelerate.framework/Versions/A/Frameworks/vecLib.framework/Versions/A/libSparseBLAS.dylib
0x00007fff2a898000 	/System/Library/Frameworks/Accelerate.framework/Versions/A/Frameworks/vecLib.framework/Versions/A/libQuadrature.dylib
0x00007fff29150000 	/System/Library/Frameworks/Accelerate.framework/Versions/A/Frameworks/vecLib.framework/Versions/A/libBNNS.dylib
0x00007fff20efa000 	/System/Library/Frameworks/Accelerate.framework/Versions/A/Frameworks/vecLib.framework/Versions/A/libSparse.dylib
0x00007fff2902c000 	/System/Library/Frameworks/MetalPerformanceShaders.framework/Versions/A/Frameworks/MPSCore.framework/Versions/A/MPSCore
0x00007fff2a28a000 	/System/Library/Frameworks/MetalPerformanceShaders.framework/Versions/A/Frameworks/MPSImage.framework/Versions/A/MPSImage
0x00007fff29e2b000 	/System/Library/Frameworks/MetalPerformanceShaders.framework/Versions/A/Frameworks/MPSNeuralNetwork.framework/Versions/A/MPSNeuralNetwork
0x00007fff2a1fc000 	/System/Library/Frameworks/MetalPerformanceShaders.framework/Versions/A/Frameworks/MPSMatrix.framework/Versions/A/MPSMatrix
0x00007fff2a04a000 	/System/Library/Frameworks/MetalPerformanceShaders.framework/Versions/A/Frameworks/MPSRayIntersector.framework/Versions/A/MPSRayIntersector
0x00007fff2a233000 	/System/Library/Frameworks/MetalPerformanceShaders.framework/Versions/A/Frameworks/MPSNDArray.framework/Versions/A/MPSNDArray
0x00007fff20b7b000 	/System/Library/PrivateFrameworks/MetalTools.framework/Versions/A/MetalTools
0x00007fff2909c000 	/System/Library/PrivateFrameworks/AggregateDictionary.framework/Versions/A/AggregateDictionary
0x00007fff26501000 	/System/Library/PrivateFrameworks/CoreAnalytics.framework/Versions/A/CoreAnalytics
0x00007fff2a81f000 	/System/Library/PrivateFrameworks/AppleSauce.framework/Versions/A/AppleSauce
0x00007fff2839e000 	/System/Library/PrivateFrameworks/IOAccelerator.framework/Versions/A/IOAccelerator
0x00007fff6ba3d000 	/System/Library/Frameworks/OpenGL.framework/Versions/A/Libraries/libCoreFSCache.dylib
0x00007fff215b4000 	/System/Library/PrivateFrameworks/LanguageModeling.framework/Versions/A/LanguageModeling
0x00007fff299cc000 	/System/Library/PrivateFrameworks/CoreEmoji.framework/Versions/A/CoreEmoji
0x00007fff29149000 	/System/Library/PrivateFrameworks/LinguisticData.framework/Versions/A/LinguisticData
0x00007fff20eac000 	/System/Library/PrivateFrameworks/Lexicon.framework/Versions/A/Lexicon
0x00007fff2a731000 	/usr/lib/libcmph.dylib
0x00007fff271f3000 	/System/Library/Frameworks/OpenDirectory.framework/Versions/A/Frameworks/CFOpenDirectory.framework/Versions/A/CFOpenDirectory
0x00007fff271e3000 	/System/Library/Frameworks/OpenDirectory.framework/Versions/A/OpenDirectory
0x00007fff2aca7000 	/System/Library/PrivateFrameworks/APFS.framework/Versions/A/APFS
0x00007fff29cf2000 	/System/Library/Frameworks/SecurityFoundation.framework/Versions/A/SecurityFoundation
0x00007fff2adb1000 	/usr/lib/libutil.dylib
0x00007fff22ba6000 	/System/Library/PrivateFrameworks/CoreServicesStore.framework/Versions/A/CoreServicesStore
0x00007fff29d88000 	/System/Library/Frameworks/ServiceManagement.framework/Versions/A/ServiceManagement
0x00007fff2adb5000 	/usr/lib/libxslt.1.dylib
0x00007fff29d7e000 	/System/Library/PrivateFrameworks/BackgroundTaskManagement.framework/Versions/A/BackgroundTaskManagement
0x00007fff2bd6e000 	/System/Library/Frameworks/ImageIO.framework/Versions/A/Resources/libRadiance.dylib
0x00007fff2bd78000 	/System/Library/Frameworks/ImageIO.framework/Versions/A/Resources/libJPEG.dylib
0x00007fff2bcc2000 	/System/Library/Frameworks/ImageIO.framework/Versions/A/Resources/libPng.dylib
0x00007fff2bce9000 	/System/Library/Frameworks/ImageIO.framework/Versions/A/Resources/libTIFF.dylib
0x00007fff2bdcd000 	/System/Library/Frameworks/ImageIO.framework/Versions/A/Resources/libGIF.dylib
0x00007fff2ba14000 	/System/Library/Frameworks/ImageIO.framework/Versions/A/Resources/libJP2.dylib
0x00007fff2b130000 	/usr/lib/libexpat.1.dylib
0x00007fff2b9ca000 	/System/Library/PrivateFrameworks/AppleJPEG.framework/Versions/A/AppleJPEG
0x00007fff285d4000 	/System/Library/PrivateFrameworks/FontServices.framework/libFontParser.dylib
0x00007fff262a8000 	/System/Library/PrivateFrameworks/RunningBoardServices.framework/Versions/A/RunningBoardServices
0x00007fff2baf4000 	/System/Library/PrivateFrameworks/WatchdogClient.framework/Versions/A/WatchdogClient
0x00007fff2169d000 	/System/Library/Frameworks/CoreDisplay.framework/Versions/A/CoreDisplay
0x00007fff284e9000 	/System/Library/Frameworks/CoreMedia.framework/Versions/A/CoreMedia
0x00007fff27373000 	/System/Library/Frameworks/CoreVideo.framework/Versions/A/CoreVideo
0x00007fff2bb2f000 	/System/Library/Frameworks/VideoToolbox.framework/Versions/A/VideoToolbox
0x00007fff26228000 	/System/Library/PrivateFrameworks/BaseBoard.framework/Versions/A/BaseBoard
0x00007fff2b274000 	/System/Library/PrivateFrameworks/PersistentConnection.framework/Versions/A/PersistentConnection
0x00007fff25fc9000 	/System/Library/PrivateFrameworks/ProtocolBuffer.framework/Versions/A/ProtocolBuffer
0x00007fff26210000 	/System/Library/PrivateFrameworks/CommonUtilities.framework/Versions/A/CommonUtilities
0x00007fff2b98d000 	/System/Library/PrivateFrameworks/Bom.framework/Versions/A/Bom
0x00007fff2bd66000 	/System/Library/PrivateFrameworks/GPUWrangler.framework/Versions/A/GPUWrangler
0x00007fff2bd49000 	/System/Library/PrivateFrameworks/IOPresentment.framework/Versions/A/IOPresentment
0x00007fff2bd72000 	/System/Library/PrivateFrameworks/DSExternalDisplay.framework/Versions/A/DSExternalDisplay
0x00007fff2bdd2000 	/System/Library/PrivateFrameworks/CMCaptureCore.framework/Versions/A/CMCaptureCore
0x00007fff2b710000 	/System/Library/PrivateFrameworks/AppServerSupport.framework/Versions/A/AppServerSupport
0x00007fff2d7ab000 	/System/Library/PrivateFrameworks/perfdata.framework/Versions/A/perfdata
0x00007fff29ce1000 	/System/Library/PrivateFrameworks/AssertionServices.framework/Versions/A/AssertionServices
0x00007fff217d4000 	/System/Library/PrivateFrameworks/AudioToolboxCore.framework/Versions/A/AudioToolboxCore
0x00007fff284cc000 	/System/Library/PrivateFrameworks/caulk.framework/Versions/A/caulk
0x00007fff3cbe3000 	/System/Library/PrivateFrameworks/SystemPolicy.framework/Versions/A/SystemPolicy
0x00007fff2af3f000 	/usr/lib/libIOReport.dylib
0x00007fff2cfe7000 	/usr/lib/libSMC.dylib
0x00007fff2bc8e000 	/usr/lib/libAudioToolboxUtility.dylib
0x00007fff3d53d000 	/usr/lib/libmis.dylib
0x00007fff6ba99000 	/System/Library/Frameworks/OpenGL.framework/Versions/A/Libraries/libGLU.dylib
0x00007fff6ba5c000 	/System/Library/Frameworks/OpenGL.framework/Versions/A/Libraries/libGFXShared.dylib
0x00007fff6bc6a000 	/System/Library/Frameworks/OpenGL.framework/Versions/A/Libraries/libGL.dylib
0x00007fff6ba65000 	/System/Library/Frameworks/OpenGL.framework/Versions/A/Libraries/libGLImage.dylib
0x00007fff6ba59000 	/System/Library/Frameworks/OpenGL.framework/Versions/A/Libraries/libCVMSPluginSupport.dylib
0x00007fff6ba44000 	/System/Library/Frameworks/OpenGL.framework/Versions/A/Libraries/libCoreVMClient.dylib
0x00007fff6d0b4000 	/System/Library/Frameworks/OpenCL.framework/Versions/A/OpenCL
0x00007fff2b29d000 	/System/Library/PrivateFrameworks/GraphVisualizer.framework/Versions/A/GraphVisualizer
0x00007fff2b2ac000 	/System/Library/PrivateFrameworks/FaceCore.framework/Versions/A/FaceCore
0x00007fff2b6c8000 	/System/Library/PrivateFrameworks/OTSVG.framework/Versions/A/OTSVG
0x00007fff26f68000 	/System/Library/Frameworks/ApplicationServices.framework/Versions/A/Frameworks/ATS.framework/Versions/A/Resources/libFontRegistry.dylib
0x00007fff2b717000 	/System/Library/PrivateFrameworks/FontServices.framework/libhvf.dylib
0x00007fff2b0dc000 	/System/Library/PrivateFrameworks/AppleVA.framework/Versions/A/AppleVA
0x00007fff2ce2f000 	/System/Library/Frameworks/ApplicationServices.framework/Versions/A/Frameworks/ATS.framework/Versions/A/ATS
0x00007fff2d142000 	/System/Library/Frameworks/ApplicationServices.framework/Versions/A/Frameworks/ColorSyncLegacy.framework/Versions/A/ColorSyncLegacy
0x00007fff257a7000 	/System/Library/Frameworks/ApplicationServices.framework/Versions/A/Frameworks/HIServices.framework/Versions/A/HIServices
0x00007fff2d127000 	/System/Library/Frameworks/ApplicationServices.framework/Versions/A/Frameworks/LangAnalysis.framework/Versions/A/LangAnalysis
0x00007fff2bddc000 	/System/Library/Frameworks/ApplicationServices.framework/Versions/A/Frameworks/PrintCore.framework/Versions/A/PrintCore
0x00007fff2d14a000 	/System/Library/Frameworks/ApplicationServices.framework/Versions/A/Frameworks/QD.framework/Versions/A/QD
0x00007fff2ce1f000 	/System/Library/Frameworks/ApplicationServices.framework/Versions/A/Frameworks/SpeechSynthesis.framework/Versions/A/SpeechSynthesis
0x00007fff2bd9d000 	/System/Library/Frameworks/ApplicationServices.framework/Versions/A/Frameworks/ATSUI.framework/Versions/A/ATSUI
0x00007fff2d0c7000 	/usr/lib/libcups.2.dylib
0x00007fff2d137000 	/System/Library/PrivateFrameworks/NetAuth.framework/Versions/A/NetAuth
0x00007fff2d7c6000 	/System/Library/Frameworks/Kerberos.framework/Versions/A/Kerberos
0x00007fff2d7d6000 	/System/Library/Frameworks/GSS.framework/Versions/A/GSS
0x00007fff2ce9c000 	/usr/lib/libresolv.9.dylib
0x00007fff2b72d000 	/System/Library/PrivateFrameworks/Heimdal.framework/Versions/A/Heimdal
0x00007fff33469000 	/System/Library/Frameworks/Kerberos.framework/Versions/A/Libraries/libHeimdalProxy.dylib
0x00007fff26375000 	/System/Library/Frameworks/Network.framework/Versions/A/Network
0x00007fff2b149000 	/usr/lib/libheimdal-asn1.dylib
0x00007fff2d827000 	/System/Library/PrivateFrameworks/CommonAuth.framework/Versions/A/CommonAuth
0x00007fff273c1000 	/System/Library/PrivateFrameworks/login.framework/Versions/A/Frameworks/loginsupport.framework/Versions/A/loginsupport
0x00007fff2cda6000 	/System/Library/PrivateFrameworks/AudioSession.framework/Versions/A/AudioSession
0x00007fff2ce0c000 	/usr/lib/libAudioStatistics.dylib
0x00007fff2b1d5000 	/System/Library/PrivateFrameworks/MediaExperience.framework/Versions/A/MediaExperience
0x00007fff2cc3f000 	/System/Library/PrivateFrameworks/AudioSession.framework/libSessionUtility.dylib
0x00007fff2d7b7000 	/usr/lib/libperfcheck.dylib
0x00007fff2d156000 	/System/Library/PrivateFrameworks/AudioResourceArbitration.framework/Versions/A/AudioResourceArbitration
0x00007fff2b153000 	/System/Library/PrivateFrameworks/IconFoundation.framework/Versions/A/IconFoundation
0x00007fff2fc52000 	/System/Library/PrivateFrameworks/SpeechRecognitionCore.framework/Versions/A/SpeechRecognitionCore
0x0000000110800000 	/Library/Java/JavaVirtualMachines/applejdk-11.0.8.10.4.jdk/Contents/Home/lib/server/libjvm.dylib
0x000000010813e000 	/Library/Java/JavaVirtualMachines/applejdk-11.0.8.10.4.jdk/Contents/Home/lib/libverify.dylib
0x0000000108150000 	/Library/Java/JavaVirtualMachines/applejdk-11.0.8.10.4.jdk/Contents/Home/lib/libjava.dylib
0x000000010817c000 	/Library/Java/JavaVirtualMachines/applejdk-11.0.8.10.4.jdk/Contents/Home/lib/libjimage.dylib
0x0000000108192000 	/Library/Java/JavaVirtualMachines/applejdk-11.0.8.10.4.jdk/Contents/Home/lib/libzip.dylib
0x000000010851a000 	/Library/Java/JavaVirtualMachines/applejdk-11.0.8.10.4.jdk/Contents/Home/lib/libnio.dylib
0x000000010852d000 	/Library/Java/JavaVirtualMachines/applejdk-11.0.8.10.4.jdk/Contents/Home/lib/libnet.dylib
0x0000000108546000 	/Library/Java/JavaVirtualMachines/applejdk-11.0.8.10.4.jdk/Contents/Home/lib/libsplashscreen.dylib
0x0000000108598000 	/Library/Java/JavaVirtualMachines/applejdk-11.0.8.10.4.jdk/Contents/Home/lib/libosxapp.dylib
0x00007fff6e9e9000 	/System/Library/Frameworks/JavaNativeFoundation.framework/Versions/A/JavaNativeFoundation
0x00007fff3c92d000 	/System/Library/Frameworks/Carbon.framework/Versions/A/Carbon
0x00007fff3bf48000 	/System/Library/Frameworks/ExceptionHandling.framework/Versions/A/ExceptionHandling
0x00007fff6e9f5000 	/System/Library/Frameworks/JavaRuntimeSupport.framework/Versions/A/JavaRuntimeSupport
0x00007fff363e4000 	/System/Library/Frameworks/Carbon.framework/Versions/A/Frameworks/CommonPanels.framework/Versions/A/CommonPanels
0x00007fff32efe000 	/System/Library/Frameworks/Carbon.framework/Versions/A/Frameworks/Help.framework/Versions/A/Help
0x00007fff363e8000 	/System/Library/Frameworks/Carbon.framework/Versions/A/Frameworks/ImageCapture.framework/Versions/A/ImageCapture
0x00007fff363b8000 	/System/Library/Frameworks/Carbon.framework/Versions/A/Frameworks/OpenScripting.framework/Versions/A/OpenScripting
0x00007fff363e0000 	/System/Library/Frameworks/Carbon.framework/Versions/A/Frameworks/Ink.framework/Versions/A/Ink
0x00007fff3c929000 	/System/Library/Frameworks/Carbon.framework/Versions/A/Frameworks/Print.framework/Versions/A/Print
0x00007fff363dc000 	/System/Library/Frameworks/Carbon.framework/Versions/A/Frameworks/SecurityHI.framework/Versions/A/SecurityHI
0x00007fff31ac3000 	/System/Library/PrivateFrameworks/CoreSymbolication.framework/Versions/A/CoreSymbolication
0x00007fff31a87000 	/System/Library/PrivateFrameworks/DebugSymbols.framework/Versions/A/DebugSymbols
0x00007fff22b67000 	/System/Library/PrivateFrameworks/CoreServicesInternal.framework/Versions/A/CoreServicesInternal
0x00007fff30fd9000 	/System/Library/Frameworks/FileProvider.framework/Versions/A/FileProvider
0x00007fff26193000 	/System/Library/Frameworks/Accounts.framework/Versions/A/Accounts
0x00007fff31129000 	/System/Library/PrivateFrameworks/GenerationalStorage.framework/Versions/A/GenerationalStorage
0x00007fff309f9000 	/System/Library/PrivateFrameworks/SymptomDiagnosticReporter.framework/Versions/A/SymptomDiagnosticReporter
0x00007fff23c95000 	/System/Library/PrivateFrameworks/DesktopServicesPriv.framework/Versions/A/DesktopServicesPriv
0x00007fff22c9c000 	/usr/lib/libsandbox.1.dylib
0x00007fff273ec000 	/System/Library/PrivateFrameworks/UserManagement.framework/Versions/A/UserManagement
0x00007fff29cbe000 	/System/Library/PrivateFrameworks/MobileKeyBag.framework/Versions/A/MobileKeyBag
0x00007fff344eb000 	/System/Library/PrivateFrameworks/ChunkingLibrary.framework/Versions/A/ChunkingLibrary
0x00007fff2e1ea000 	/System/Library/PrivateFrameworks/Sharing.framework/Versions/A/Sharing
0x00007fff32a6b000 	/System/Library/PrivateFrameworks/Apple80211.framework/Versions/A/Apple80211
0x00007fff2a36b000 	/System/Library/PrivateFrameworks/AuthKit.framework/Versions/A/AuthKit
0x00007fff29abc000 	/System/Library/PrivateFrameworks/CoreUtils.framework/Versions/A/CoreUtils
0x00007fff299e9000 	/System/Library/Frameworks/CoreWLAN.framework/Versions/A/CoreWLAN
0x00007fff2e336000 	/System/Library/Frameworks/IOBluetooth.framework/Versions/A/IOBluetooth
0x00007fff32acf000 	/System/Library/PrivateFrameworks/CoreWiFi.framework/Versions/A/CoreWiFi
0x00007fff2d8ad000 	/System/Library/PrivateFrameworks/CorePhoneNumbers.framework/Versions/A/CorePhoneNumbers
0x00007fff30b00000 	/System/Library/PrivateFrameworks/DiskManagement.framework/Versions/A/DiskManagement
0x00007fff30a16000 	/System/Library/PrivateFrameworks/AppleIDAuthSupport.framework/Versions/A/AppleIDAuthSupport
0x00007fff2d88d000 	/System/Library/PrivateFrameworks/KeychainCircle.framework/Versions/A/KeychainCircle
0x00007fff30acc000 	/System/Library/PrivateFrameworks/MediaKit.framework/Versions/A/MediaKit
0x00007fff30a23000 	/System/Library/Frameworks/DiscRecording.framework/Versions/A/DiscRecording
0x00007fff2b050000 	/usr/lib/libCoreStorage.dylib
0x00007fff32f0a000 	/usr/lib/libcsfde.dylib
0x00007fff2e471000 	/System/Library/PrivateFrameworks/ProtectedCloudStorage.framework/Versions/A/ProtectedCloudStorage
0x00007fff32f02000 	/System/Library/PrivateFrameworks/EFILogin.framework/Versions/A/EFILogin
0x00007fff3351c000 	/System/Library/Frameworks/AudioUnit.framework/Versions/A/AudioUnit
0x00007fff30993000 	/System/Library/Frameworks/CoreBluetooth.framework/Versions/A/CoreBluetooth
0x00007fff2b048000 	/usr/lib/libMatch.1.dylib
0x00007fff437a8000 	/System/Library/CoreServices/RawCamera.bundle/Contents/MacOS/RawCamera
0x00007fff2d838000 	/System/Library/PrivateFrameworks/MobileAsset.framework/Versions/A/MobileAsset
0x00007fff33540000 	/System/Library/PrivateFrameworks/StreamingZip.framework/Versions/A/StreamingZip
0x00007fff2bfd4000 	/System/Library/Frameworks/MediaToolbox.framework/Versions/A/MediaToolbox
0x00007fff30fab000 	/System/Library/PrivateFrameworks/CoreAVCHD.framework/Versions/A/CoreAVCHD
0x00007fff30192000 	/System/Library/Frameworks/MediaAccessibility.framework/Versions/A/MediaAccessibility
0x00007fff30fa7000 	/System/Library/PrivateFrameworks/Mangrove.framework/Versions/A/Mangrove
0x00007fff3019e000 	/System/Library/PrivateFrameworks/AlgosScoreFramework.framework/Versions/A/AlgosScoreFramework
0x00007fff31995000 	/System/Library/PrivateFrameworks/AppleVPA.framework/Versions/A/AppleVPA
0x00007fff30bec000 	/System/Library/PrivateFrameworks/CoreAUC.framework/Versions/A/CoreAUC
0x00007fff411ff000 	/System/Library/Frameworks/Accelerate.framework/Versions/A/Frameworks/vImage.framework/Versions/A/Libraries/libCGInterfaces.dylib
0x000000010875c000 	/usr/lib/libobjc-trampolines.dylib
0x00007fff270eb000 	/System/Library/PrivateFrameworks/ViewBridge.framework/Versions/A/ViewBridge
0x00007fff2b7ee000 	/System/Library/PrivateFrameworks/login.framework/Versions/A/login
0x00007fff778b2000 	/usr/lib/libRosetta.dylib
0x000000013aa57000 	/Library/Java/JavaVirtualMachines/applejdk-11.0.8.10.4.jdk/Contents/Home/lib/libawt.dylib
0x000000013aaf7000 	/Library/Java/JavaVirtualMachines/applejdk-11.0.8.10.4.jdk/Contents/Home/lib/libmlib_image.dylib
0x000000013ab5f000 	/Library/Java/JavaVirtualMachines/applejdk-11.0.8.10.4.jdk/Contents/Home/lib/libawt_lwawt.dylib
0x000000013ad13000 	/Library/Java/JavaVirtualMachines/applejdk-11.0.8.10.4.jdk/Contents/Home/lib/libfontmanager.dylib
0x000000013ae2d000 	/Library/Java/JavaVirtualMachines/applejdk-11.0.8.10.4.jdk/Contents/Home/lib/libfreetype.dylib
0x00007fff6bc75000 	/System/Library/Frameworks/OpenGL.framework/Versions/A/Resources/GLEngine.bundle/GLEngine
0x00007fff6bad6000 	/System/Library/Frameworks/OpenGL.framework/Versions/A/Libraries/libGLProgrammability.dylib
0x00007fff5ee5c000 	/System/Library/Extensions/AppleIntelKBLGraphicsGLDriver.bundle/Contents/MacOS/AppleIntelKBLGraphicsGLDriver
0x00007fff462ec000 	/System/Library/PrivateFrameworks/GPUSupport.framework/Versions/A/Libraries/libGPUSupportMercury.dylib
0x000000013b0b4000 	/System/Library/Extensions/AMDRadeonX6000GLDriver.bundle/Contents/MacOS/AMDRadeonX6000GLDriver
0x00007fff6e056000 	/System/Library/Extensions/AMDRadeonX6000GLDriver.bundle/Contents/MacOS/ATIRadeonX6000SCLib.dylib
0x00007fff5e0cc000 	/System/Library/Extensions/AMDShared.bundle/Contents/PlugIns/libSC.dylib
0x00007fff6bdf3000 	/System/Library/Frameworks/OpenGL.framework/Versions/A/Resources/GLRendererFloat.bundle/GLRendererFloat
0x000000013b308000 	/Library/Java/JavaVirtualMachines/applejdk-11.0.8.10.4.jdk/Contents/Home/lib/libosxui.dylib
0x00000001ad8ee000 	/System/Library/Extensions/AMDRadeonX6000MTLDriver.bundle/Contents/MacOS/AMDRadeonX6000MTLDriver
0x00007fff40d73000 	/System/Library/PrivateFrameworks/IOAccelMemoryInfo.framework/Versions/A/IOAccelMemoryInfo
0x00007fff5dc3c000 	/System/Library/Extensions/AppleIntelKBLGraphicsMTLDriver.bundle/Contents/MacOS/AppleIntelKBLGraphicsMTLDriver
0x00007fff3d550000 	/System/Library/PrivateFrameworks/GPURawCounter.framework/Versions/A/GPURawCounter
0x00007fff695f2000 	/System/Library/PrivateFrameworks/GPUCompiler.framework/Versions/31001/Libraries/libmetal_timestamp.dylib
0x00000001ae55e000 	/Library/Java/JavaVirtualMachines/applejdk-11.0.8.10.4.jdk/Contents/Home/lib/libextnet.dylib


VM Arguments:
jvm_args: -Dfile.encoding=UTF-8 
java_command: /Users/adhamsaheb/Desktop/Fake SMTP/fakeSMTP-2.0 2.jar
java_class_path (initial): /Users/adhamsaheb/Desktop/Fake SMTP/fakeSMTP-2.0 2.jar
Launcher Type: SUN_STANDARD

[Global flags]
     intx CICompilerCount                          = 12                                        {product} {ergonomic}
     uint ConcGCThreads                            = 3                                         {product} {ergonomic}
     uint G1ConcRefinementThreads                  = 13                                        {product} {ergonomic}
   size_t G1HeapRegionSize                         = 1048576                                   {product} {ergonomic}
    uintx GCDrainStackTargetSize                   = 64                                        {product} {ergonomic}
   size_t InitialHeapSize                          = 268435456                                 {product} {ergonomic}
   size_t MarkStackSize                            = 4194304                                   {product} {ergonomic}
   size_t MaxHeapSize                              = 4294967296                                {product} {ergonomic}
     intx MaxInlineLevel                           = 15                                        {product} {ergonomic}
   size_t MaxNewSize                               = 2576351232                                {product} {ergonomic}
   size_t MinHeapDeltaBytes                        = 1048576                                   {product} {ergonomic}
    uintx NonNMethodCodeHeapSize                   = 7594288                                {pd product} {ergonomic}
    uintx NonProfiledCodeHeapSize                  = 122031976                              {pd product} {ergonomic}
    uintx ProfiledCodeHeapSize                     = 122031976                              {pd product} {ergonomic}
    uintx ReservedCodeCacheSize                    = 251658240                              {pd product} {ergonomic}
     bool SegmentedCodeCache                       = true                                      {product} {ergonomic}
     bool UseBiasedLocking                         = false                                     {product} {ergonomic}
     bool UseCompressedClassPointers               = true                                 {lp64_product} {ergonomic}
     bool UseCompressedOops                        = true                                 {lp64_product} {ergonomic}
     bool UseG1GC                                  = true                                      {product} {ergonomic}
     bool UseJFRMethodProfiling                    = false                                     {product} {ergonomic}

Logging:
Log output configuration:
 #0: stdout all=warning uptime,level,tags
 #1: stderr all=off uptime,level,tags

Environment Variables:
JAVA_HOME=/Library/Java/JavaVirtualMachines/applejdk-11.0.8.10.4.jdk/Contents/Home
PATH=/opt/local/bin:/opt/local/sbin:/usr/local/bin:/usr/bin:/bin:/usr/sbin:/sbin:/Library/PostgreSQL/13/bin:/Applications/Postgres.app/Contents/Versions/latest/bin:/Library/PostgreSQL/9.6/bin
SHELL=/bin/zsh
LC_CTYPE=UTF-8

Signal Handlers:
SIGSEGV: [libjvm.dylib+0x7aaf80], sa_mask[0]=11111111011111110111111111111111, sa_flags=SA_ONSTACK|SA_RESTART|SA_SIGINFO
SIGBUS: [libjvm.dylib+0x7aaf80], sa_mask[0]=11111111011111110111111111111111, sa_flags=SA_RESTART|SA_SIGINFO
SIGFPE: [libjvm.dylib+0x7aaf80], sa_mask[0]=11111111011111110111111111111111, sa_flags=SA_RESTART|SA_SIGINFO
SIGPIPE: [libjvm.dylib+0x6084a3], sa_mask[0]=11111111011111110111111111111111, sa_flags=SA_RESTART|SA_SIGINFO
SIGXFSZ: [libjvm.dylib+0x6084a3], sa_mask[0]=11111111011111110111111111111111, sa_flags=SA_RESTART|SA_SIGINFO
SIGILL: [libjvm.dylib+0x7aaf80], sa_mask[0]=11111111011111110111111111111111, sa_flags=SA_RESTART|SA_SIGINFO
SIGUSR2: [libjvm.dylib+0x608a7a], sa_mask[0]=00000000000000000000000000000000, sa_flags=SA_RESTART|SA_SIGINFO
SIGHUP: [libjvm.dylib+0x6075bd], sa_mask[0]=11111111011111110111111111111111, sa_flags=SA_RESTART|SA_SIGINFO
SIGINT: [libjvm.dylib+0x6075bd], sa_mask[0]=11111111011111110111111111111111, sa_flags=SA_RESTART|SA_SIGINFO
SIGTERM: [libjvm.dylib+0x6075bd], sa_mask[0]=11111111011111110111111111111111, sa_flags=SA_RESTART|SA_SIGINFO
SIGQUIT: [libjvm.dylib+0x6075bd], sa_mask[0]=11111111011111110111111111111111, sa_flags=SA_RESTART|SA_SIGINFO


---------------  S Y S T E M  ---------------

OS:uname:Darwin 20.5.0 Darwin Kernel Version 20.5.0: Sat May  8 05:10:33 PDT 2021; root:xnu-7195.121.3~9/RELEASE_X86_64 x86_64
OS uptime: 5 days 0:37 hours
rlimit (soft/hard): STACK 8192k/65532k , CORE 0k/infinity , NPROC 2784/2784 , NOFILE 24576/infinity , AS infinity/infinity , CPU infinity/infinity , DATA infinity/infinity , FSIZE infinity/infinity , MEMLOCK infinity/infinity , RSS infinity/infinity
load average:2.63 2.47 2.30

CPU:total 16 (initial active 16) (8 cores per cpu, 2 threads per core) family 6 model 158 stepping 13, cmov, cx8, fxsr, mmx, sse, sse2, sse3, ssse3, sse4.1, sse4.2, popcnt, avx, avx2, aes, clmul, erms, 3dnowpref, lzcnt, ht, tsc, tscinvbit, bmi1, bmi2, adx, fma

Memory: 4k page, physical 16777216k(320728k free), swap 4194304k(1126912k free)

vm_info: OpenJDK 64-Bit Server VM (11.0.8+10-LTS) for bsd-amd64 JRE (11.0.8+10-LTS), built on Oct  5 2020 07:36:56 by "admin" with gcc 4.2.1 Compatible Apple LLVM 11.0.3 (clang-1103.0.32.29)

END.
